{"meta": {"format": 3, "version": "7.14.2", "timestamp": "2026-06-22T13:47:16.629705", "branch_coverage": true, "show_contexts": false}, "files": {"src/robotsix_cost_monitor/__init__.py": {"executed_lines": [3], "summary": {"covered_lines": 1, "num_statements": 1, "percent_covered": 100.0, "percent_covered_display": "100", "missing_lines": 0, "excluded_lines": 0, "percent_statements_covered": 100.0, "percent_statements_covered_display": "100", "num_branches": 0, "num_partial_branches": 0, "covered_branches": 0, "missing_branches": 0, "percent_branches_covered": 100.0, "percent_branches_covered_display": "100"}, "missing_lines": [], "excluded_lines": [], "executed_branches": [], "missing_branches": [], "functions": {"": {"executed_lines": [3], "summary": {"covered_lines": 1, "num_statements": 1, "percent_covered": 100.0, "percent_covered_display": "100", "missing_lines": 0, "excluded_lines": 0, "percent_statements_covered": 100.0, "percent_statements_covered_display": "100", "num_branches": 0, "num_partial_branches": 0, "covered_branches": 0, "missing_branches": 0, "percent_branches_covered": 100.0, "percent_branches_covered_display": "100"}, "missing_lines": [], "excluded_lines": [], "start_line": 1, "executed_branches": [], "missing_branches": []}}, "classes": {"": {"executed_lines": [3], "summary": {"covered_lines": 1, "num_statements": 1, "percent_covered": 100.0, "percent_covered_display": "100", "missing_lines": 0, "excluded_lines": 0, "percent_statements_covered": 100.0, "percent_statements_covered_display": "100", "num_branches": 0, "num_partial_branches": 0, "covered_branches": 0, "missing_branches": 0, "percent_branches_covered": 100.0, "percent_branches_covered_display": "100"}, "missing_lines": [], "excluded_lines": [], "start_line": 1, "executed_branches": [], "missing_branches": []}}}, "src/robotsix_cost_monitor/aggregations.py": {"executed_lines": [7, 9, 10, 11, 17, 24, 26, 27, 28, 29, 33, 34, 37, 44, 47, 48, 57, 59, 60, 74, 80, 81, 82, 83, 84, 85, 86, 87, 88, 89, 94, 95, 98, 100, 101, 102, 103, 104, 105, 106, 107, 108, 109, 112, 121, 122, 123, 124, 125, 126, 127, 128, 129, 132, 134, 135, 136, 137, 138, 139, 140, 141, 147, 149, 150, 151, 152, 154, 155, 156, 157, 158, 164, 165, 166, 168, 169, 174, 178, 179, 180, 181, 182, 183, 184, 185, 187, 188, 190, 191, 200, 212, 213, 214, 215, 216, 217, 218, 219, 220, 221, 227, 228, 229, 230, 231, 240, 241, 242], "summary": {"covered_lines": 109, "num_statements": 116, "percent_covered": 91.77215189873418, "percent_covered_display": "92", "missing_lines": 7, "excluded_lines": 0, "percent_statements_covered": 93.96551724137932, "percent_statements_covered_display": "94", "num_branches": 42, "num_partial_branches": 6, "covered_branches": 36, "missing_branches": 6, "percent_branches_covered": 85.71428571428571, "percent_branches_covered_display": "86"}, "missing_lines": [30, 153, 167, 170, 171, 186, 189], "excluded_lines": [], "executed_branches": [[26, 27], [28, 29], [81, 82], [81, 86], [82, 81], [82, 83], [84, 82], [84, 85], [87, 88], [87, 95], [101, 102], [101, 109], [102, 101], [102, 103], [122, 123], [122, 124], [125, 126], [125, 129], [127, 128], [127, 129], [135, 136], [135, 140], [150, 151], [150, 157], [152, 154], [166, 168], [183, 184], [183, 191], [185, 187], [188, 190], [213, 214], [213, 220], [214, 215], [214, 216], [228, 229], [228, 230]], "missing_branches": [[26, 30], [28, 26], [152, 153], [166, 167], [185, 186], [188, 189]], "functions": {"_trace_cost": {"executed_lines": [26, 27, 28, 29], "summary": {"covered_lines": 4, "num_statements": 5, "percent_covered": 66.66666666666667, "percent_covered_display": "67", "missing_lines": 1, "excluded_lines": 0, "percent_statements_covered": 80.0, "percent_statements_covered_display": "80", "num_branches": 4, "num_partial_branches": 2, "covered_branches": 2, "missing_branches": 2, "percent_branches_covered": 50.0, "percent_branches_covered_display": "50"}, "missing_lines": [30], "excluded_lines": [], "start_line": 24, "executed_branches": [[26, 27], [28, 29]], "missing_branches": [[26, 30], [28, 26]]}, "_utc_now": {"executed_lines": [34], "summary": {"covered_lines": 1, "num_statements": 1, "percent_covered": 100.0, "percent_covered_display": "100", "missing_lines": 0, "excluded_lines": 0, "percent_statements_covered": 100.0, "percent_statements_covered_display": "100", "num_branches": 0, "num_partial_branches": 0, "covered_branches": 0, "missing_branches": 0, "percent_branches_covered": 100.0, "percent_branches_covered_display": "100"}, "missing_lines": [], "excluded_lines": [], "start_line": 33, "executed_branches": [], "missing_branches": []}, "backend_for_model": {"executed_lines": [44], "summary": {"covered_lines": 1, "num_statements": 1, "percent_covered": 100.0, "percent_covered_display": "100", "missing_lines": 0, "excluded_lines": 0, "percent_statements_covered": 100.0, "percent_statements_covered_display": "100", "num_branches": 0, "num_partial_branches": 0, "covered_branches": 0, "missing_branches": 0, "percent_branches_covered": 100.0, "percent_branches_covered_display": "100"}, "missing_lines": [], "excluded_lines": [], "start_line": 37, "executed_branches": [], "missing_branches": []}, "_empty_model_slot": {"executed_lines": [48], "summary": {"covered_lines": 1, "num_statements": 1, "percent_covered": 100.0, "percent_covered_display": "100", "missing_lines": 0, "excluded_lines": 0, "percent_statements_covered": 100.0, "percent_statements_covered_display": "100", "num_branches": 0, "num_partial_branches": 0, "covered_branches": 0, "missing_branches": 0, "percent_branches_covered": 100.0, "percent_branches_covered_display": "100"}, "missing_lines": [], "excluded_lines": [], "start_line": 47, "executed_branches": [], "missing_branches": []}, "_model_rows": {"executed_lines": [59, 60], "summary": {"covered_lines": 2, "num_statements": 2, "percent_covered": 100.0, "percent_covered_display": "100", "missing_lines": 0, "excluded_lines": 0, "percent_statements_covered": 100.0, "percent_statements_covered_display": "100", "num_branches": 0, "num_partial_branches": 0, "covered_branches": 0, "missing_branches": 0, "percent_branches_covered": 100.0, "percent_branches_covered_display": "100"}, "missing_lines": [], "excluded_lines": [], "start_line": 57, "executed_branches": [], "missing_branches": []}, "backend_cost_series": {"executed_lines": [80, 81, 82, 83, 84, 85, 86, 87, 88, 89, 94, 95], "summary": {"covered_lines": 12, "num_statements": 12, "percent_covered": 100.0, "percent_covered_display": "100", "missing_lines": 0, "excluded_lines": 0, "percent_statements_covered": 100.0, "percent_statements_covered_display": "100", "num_branches": 8, "num_partial_branches": 0, "covered_branches": 8, "missing_branches": 0, "percent_branches_covered": 100.0, "percent_branches_covered_display": "100"}, "missing_lines": [], "excluded_lines": [], "start_line": 74, "executed_branches": [[81, 82], [81, 86], [82, 81], [82, 83], [84, 82], [84, 85], [87, 88], [87, 95]], "missing_branches": []}, "merge_model_costs": {"executed_lines": [100, 101, 102, 103, 104, 105, 106, 107, 108, 109], "summary": {"covered_lines": 10, "num_statements": 10, "percent_covered": 100.0, "percent_covered_display": "100", "missing_lines": 0, "excluded_lines": 0, "percent_statements_covered": 100.0, "percent_statements_covered_display": "100", "num_branches": 4, "num_partial_branches": 0, "covered_branches": 4, "missing_branches": 0, "percent_branches_covered": 100.0, "percent_branches_covered_display": "100"}, "missing_lines": [], "excluded_lines": [], "start_line": 98, "executed_branches": [[101, 102], [101, 109], [102, 101], [102, 103]], "missing_branches": []}, "_trace_label": {"executed_lines": [121, 122, 123, 124, 125, 126, 127, 128, 129], "summary": {"covered_lines": 9, "num_statements": 9, "percent_covered": 100.0, "percent_covered_display": "100", "missing_lines": 0, "excluded_lines": 0, "percent_statements_covered": 100.0, "percent_statements_covered_display": "100", "num_branches": 6, "num_partial_branches": 0, "covered_branches": 6, "missing_branches": 0, "percent_branches_covered": 100.0, "percent_branches_covered_display": "100"}, "missing_lines": [], "excluded_lines": [], "start_line": 112, "executed_branches": [[122, 123], [122, 124], [125, 126], [125, 129], [127, 128], [127, 129]], "missing_branches": []}, "aggregate_by_name": {"executed_lines": [134, 135, 136, 137, 138, 139, 140, 141], "summary": {"covered_lines": 8, "num_statements": 8, "percent_covered": 100.0, "percent_covered_display": "100", "missing_lines": 0, "excluded_lines": 0, "percent_statements_covered": 100.0, "percent_statements_covered_display": "100", "num_branches": 2, "num_partial_branches": 0, "covered_branches": 2, "missing_branches": 0, "percent_branches_covered": 100.0, "percent_branches_covered_display": "100"}, "missing_lines": [], "excluded_lines": [], "start_line": 132, "executed_branches": [[135, 136], [135, 140]], "missing_branches": []}, "aggregate_by_session": {"executed_lines": [149, 150, 151, 152, 154, 155, 156, 157, 158], "summary": {"covered_lines": 9, "num_statements": 10, "percent_covered": 85.71428571428571, "percent_covered_display": "86", "missing_lines": 1, "excluded_lines": 0, "percent_statements_covered": 90.0, "percent_statements_covered_display": "90", "num_branches": 4, "num_partial_branches": 1, "covered_branches": 3, "missing_branches": 1, "percent_branches_covered": 75.0, "percent_branches_covered_display": "75"}, "missing_lines": [153], "excluded_lines": [], "start_line": 147, "executed_branches": [[150, 151], [150, 157], [152, 154]], "missing_branches": [[152, 153]]}, "_parse_ts": {"executed_lines": [165, 166, 168, 169], "summary": {"covered_lines": 4, "num_statements": 7, "percent_covered": 55.55555555555556, "percent_covered_display": "56", "missing_lines": 3, "excluded_lines": 0, "percent_statements_covered": 57.142857142857146, "percent_statements_covered_display": "57", "num_branches": 2, "num_partial_branches": 1, "covered_branches": 1, "missing_branches": 1, "percent_branches_covered": 50.0, "percent_branches_covered_display": "50"}, "missing_lines": [167, 170, 171], "excluded_lines": [], "start_line": 164, "executed_branches": [[166, 168]], "missing_branches": [[166, 167]]}, "cost_trend": {"executed_lines": [178, 179, 180, 181, 182, 183, 184, 185, 187, 188, 190, 191], "summary": {"covered_lines": 12, "num_statements": 14, "percent_covered": 80.0, "percent_covered_display": "80", "missing_lines": 2, "excluded_lines": 0, "percent_statements_covered": 85.71428571428571, "percent_statements_covered_display": "86", "num_branches": 6, "num_partial_branches": 2, "covered_branches": 4, "missing_branches": 2, "percent_branches_covered": 66.66666666666667, "percent_branches_covered_display": "67"}, "missing_lines": [186, 189], "excluded_lines": [], "start_line": 174, "executed_branches": [[183, 184], [183, 191], [185, 187], [188, 190]], "missing_branches": [[185, 186], [188, 189]]}, "aggregate_by_name_backend": {"executed_lines": [212, 213, 214, 215, 216, 217, 218, 219, 220, 221], "summary": {"covered_lines": 10, "num_statements": 10, "percent_covered": 100.0, "percent_covered_display": "100", "missing_lines": 0, "excluded_lines": 0, "percent_statements_covered": 100.0, "percent_statements_covered_display": "100", "num_branches": 4, "num_partial_branches": 0, "covered_branches": 4, "missing_branches": 0, "percent_branches_covered": 100.0, "percent_branches_covered_display": "100"}, "missing_lines": [], "excluded_lines": [], "start_line": 200, "executed_branches": [[213, 214], [213, 220], [214, 215], [214, 216]], "missing_branches": []}, "most_expensive_trace": {"executed_lines": [228, 229, 230, 231], "summary": {"covered_lines": 4, "num_statements": 4, "percent_covered": 100.0, "percent_covered_display": "100", "missing_lines": 0, "excluded_lines": 0, "percent_statements_covered": 100.0, "percent_statements_covered_display": "100", "num_branches": 2, "num_partial_branches": 0, "covered_branches": 2, "missing_branches": 0, "percent_branches_covered": 100.0, "percent_branches_covered_display": "100"}, "missing_lines": [], "excluded_lines": [], "start_line": 227, "executed_branches": [[228, 229], [228, 230]], "missing_branches": []}, "most_expensive_session": {"executed_lines": [241, 242], "summary": {"covered_lines": 2, "num_statements": 2, "percent_covered": 100.0, "percent_covered_display": "100", "missing_lines": 0, "excluded_lines": 0, "percent_statements_covered": 100.0, "percent_statements_covered_display": "100", "num_branches": 0, "num_partial_branches": 0, "covered_branches": 0, "missing_branches": 0, "percent_branches_covered": 100.0, "percent_branches_covered_display": "100"}, "missing_lines": [], "excluded_lines": [], "start_line": 240, "executed_branches": [], "missing_branches": []}, "": {"executed_lines": [7, 9, 10, 11, 17, 24, 33, 37, 47, 57, 74, 98, 112, 132, 147, 164, 174, 200, 227, 240], "summary": {"covered_lines": 20, "num_statements": 20, "percent_covered": 100.0, "percent_covered_display": "100", "missing_lines": 0, "excluded_lines": 0, "percent_statements_covered": 100.0, "percent_statements_covered_display": "100", "num_branches": 0, "num_partial_branches": 0, "covered_branches": 0, "missing_branches": 0, "percent_branches_covered": 100.0, "percent_branches_covered_display": "100"}, "missing_lines": [], "excluded_lines": [], "start_line": 1, "executed_branches": [], "missing_branches": []}}, "classes": {"": {"executed_lines": [7, 9, 10, 11, 17, 24, 26, 27, 28, 29, 33, 34, 37, 44, 47, 48, 57, 59, 60, 74, 80, 81, 82, 83, 84, 85, 86, 87, 88, 89, 94, 95, 98, 100, 101, 102, 103, 104, 105, 106, 107, 108, 109, 112, 121, 122, 123, 124, 125, 126, 127, 128, 129, 132, 134, 135, 136, 137, 138, 139, 140, 141, 147, 149, 150, 151, 152, 154, 155, 156, 157, 158, 164, 165, 166, 168, 169, 174, 178, 179, 180, 181, 182, 183, 184, 185, 187, 188, 190, 191, 200, 212, 213, 214, 215, 216, 217, 218, 219, 220, 221, 227, 228, 229, 230, 231, 240, 241, 242], "summary": {"covered_lines": 109, "num_statements": 116, "percent_covered": 91.77215189873418, "percent_covered_display": "92", "missing_lines": 7, "excluded_lines": 0, "percent_statements_covered": 93.96551724137932, "percent_statements_covered_display": "94", "num_branches": 42, "num_partial_branches": 6, "covered_branches": 36, "missing_branches": 6, "percent_branches_covered": 85.71428571428571, "percent_branches_covered_display": "86"}, "missing_lines": [30, 153, 167, 170, 171, 186, 189], "excluded_lines": [], "start_line": 1, "executed_branches": [[26, 27], [28, 29], [81, 82], [81, 86], [82, 81], [82, 83], [84, 82], [84, 85], [87, 88], [87, 95], [101, 102], [101, 109], [102, 101], [102, 103], [122, 123], [122, 124], [125, 126], [125, 129], [127, 128], [127, 129], [135, 136], [135, 140], [150, 151], [150, 157], [152, 154], [166, 168], [183, 184], [183, 191], [185, 187], [188, 190], [213, 214], [213, 220], [214, 215], [214, 216], [228, 229], [228, 230]], "missing_branches": [[26, 30], [28, 26], [152, 153], [166, 167], [185, 186], [188, 189]]}}}, "src/robotsix_cost_monitor/analyst.py": {"executed_lines": [13, 15, 16, 17, 18, 19, 20, 21, 23, 28, 29, 31, 34, 37, 51, 71, 80, 82, 90, 103, 114, 117, 118, 119, 122, 130, 131, 134, 135, 136, 137, 140, 144, 145, 146, 147, 148, 156, 165, 166, 167, 168, 169, 170, 171, 174, 175, 178, 252, 254, 255, 256, 258, 267, 299, 307, 308, 309, 312, 318, 319, 320, 321, 322, 323, 324, 325, 326, 329, 371, 388, 393, 394, 395, 397, 400, 403, 404, 405, 406, 410, 415, 416, 417, 419, 432, 433, 439, 440, 441, 442, 445, 447, 450, 452, 453, 454, 455, 458, 483, 492, 495, 496, 497, 498, 507, 508, 511, 517, 518, 519, 521, 522, 523, 528, 529, 531, 532, 533, 536, 549, 568, 574, 575, 576, 578, 579, 580, 585, 586, 588, 589, 590, 591, 592, 593, 595, 604], "summary": {"covered_lines": 138, "num_statements": 191, "percent_covered": 73.79912663755458, "percent_covered_display": "74", "missing_lines": 53, "excluded_lines": 2, "percent_statements_covered": 72.25130890052355, "percent_statements_covered_display": "72", "num_branches": 38, "num_partial_branches": 1, "covered_branches": 31, "missing_branches": 7, "percent_branches_covered": 81.57894736842105, "percent_branches_covered_display": "82"}, "missing_lines": [192, 193, 194, 196, 201, 202, 203, 204, 205, 206, 207, 214, 218, 219, 221, 227, 243, 249, 275, 276, 277, 279, 280, 281, 288, 296, 339, 340, 345, 357, 358, 359, 364, 365, 366, 367, 368, 373, 374, 376, 383, 462, 463, 464, 465, 466, 471, 472, 477, 478, 479, 480, 534], "excluded_lines": [25, 26], "executed_branches": [[166, 167], [166, 168], [254, -252], [254, 255], [307, 308], [307, 309], [319, 320], [319, 322], [323, 324], [323, 326], [394, 395], [394, 397], [404, 405], [404, 410], [416, 417], [416, 419], [453, 454], [453, 455], [496, 497], [496, 498], [518, 519], [518, 521], [522, 523], [522, 531], [533, 536], [575, 576], [575, 578], [579, 580], [579, 588], [589, 590], [589, 595]], "missing_branches": [[203, 204], [203, 243], [205, 206], [205, 207], [466, 471], [466, 480], [533, 534]], "functions": {"_store_path": {"executed_lines": [135, 136, 137], "summary": {"covered_lines": 3, "num_statements": 3, "percent_covered": 100.0, "percent_covered_display": "100", "missing_lines": 0, "excluded_lines": 0, "percent_statements_covered": 100.0, "percent_statements_covered_display": "100", "num_branches": 0, "num_partial_branches": 0, "covered_branches": 0, "missing_branches": 0, "percent_branches_covered": 100.0, "percent_branches_covered_display": "100"}, "missing_lines": [], "excluded_lines": [], "start_line": 134, "executed_branches": [], "missing_branches": []}, "build_digest": {"executed_lines": [144, 145, 146, 147, 148, 156], "summary": {"covered_lines": 6, "num_statements": 6, "percent_covered": 100.0, "percent_covered_display": "100", "missing_lines": 0, "excluded_lines": 0, "percent_statements_covered": 100.0, "percent_statements_covered_display": "100", "num_branches": 0, "num_partial_branches": 0, "covered_branches": 0, "missing_branches": 0, "percent_branches_covered": 100.0, "percent_branches_covered_display": "100"}, "missing_lines": [], "excluded_lines": [], "start_line": 140, "executed_branches": [], "missing_branches": []}, "_load_json": {"executed_lines": [166, 167, 168, 169, 170, 171], "summary": {"covered_lines": 6, "num_statements": 6, "percent_covered": 100.0, "percent_covered_display": "100", "missing_lines": 0, "excluded_lines": 0, "percent_statements_covered": 100.0, "percent_statements_covered_display": "100", "num_branches": 2, "num_partial_branches": 0, "covered_branches": 2, "missing_branches": 0, "percent_branches_covered": 100.0, "percent_branches_covered_display": "100"}, "missing_lines": [], "excluded_lines": [], "start_line": 165, "executed_branches": [[166, 167], [166, 168]], "missing_branches": []}, "load_proposals": {"executed_lines": [175], "summary": {"covered_lines": 1, "num_statements": 1, "percent_covered": 100.0, "percent_covered_display": "100", "missing_lines": 0, "excluded_lines": 0, "percent_statements_covered": 100.0, "percent_statements_covered_display": "100", "num_branches": 0, "num_partial_branches": 0, "covered_branches": 0, "missing_branches": 0, "percent_branches_covered": 100.0, "percent_branches_covered_display": "100"}, "missing_lines": [], "excluded_lines": [], "start_line": 174, "executed_branches": [], "missing_branches": []}, "_run_agents": {"executed_lines": [], "summary": {"covered_lines": 0, "num_statements": 17, "percent_covered": 0.0, "percent_covered_display": "0", "missing_lines": 17, "excluded_lines": 0, "percent_statements_covered": 0.0, "percent_statements_covered_display": "0", "num_branches": 4, "num_partial_branches": 0, "covered_branches": 0, "missing_branches": 4, "percent_branches_covered": 0.0, "percent_branches_covered_display": "0"}, "missing_lines": [192, 193, 194, 196, 201, 202, 203, 204, 205, 206, 207, 214, 218, 221, 227, 243, 249], "excluded_lines": [], "start_line": 178, "executed_branches": [], "missing_branches": [[203, 204], [203, 243], [205, 206], [205, 207]]}, "_run_agents._run_trace": {"executed_lines": [], "summary": {"covered_lines": 0, "num_statements": 1, "percent_covered": 0.0, "percent_covered_display": "0", "missing_lines": 1, "excluded_lines": 0, "percent_statements_covered": 0.0, "percent_statements_covered_display": "0", "num_branches": 0, "num_partial_branches": 0, "covered_branches": 0, "missing_branches": 0, "percent_branches_covered": 100.0, "percent_branches_covered_display": "100"}, "missing_lines": [219], "excluded_lines": [], "start_line": 218, "executed_branches": [], "missing_branches": []}, "_maybe_setup_tracing": {"executed_lines": [254, 255, 256, 258], "summary": {"covered_lines": 4, "num_statements": 4, "percent_covered": 100.0, "percent_covered_display": "100", "missing_lines": 0, "excluded_lines": 0, "percent_statements_covered": 100.0, "percent_statements_covered_display": "100", "num_branches": 2, "num_partial_branches": 0, "covered_branches": 2, "missing_branches": 0, "percent_branches_covered": 100.0, "percent_branches_covered_display": "100"}, "missing_lines": [], "excluded_lines": [], "start_line": 252, "executed_branches": [[254, -252], [254, 255]], "missing_branches": []}, "_opus_analysis": {"executed_lines": [], "summary": {"covered_lines": 0, "num_statements": 8, "percent_covered": 0.0, "percent_covered_display": "0", "missing_lines": 8, "excluded_lines": 0, "percent_statements_covered": 0.0, "percent_statements_covered_display": "0", "num_branches": 0, "num_partial_branches": 0, "covered_branches": 0, "missing_branches": 0, "percent_branches_covered": 100.0, "percent_branches_covered_display": "100"}, "missing_lines": [275, 276, 277, 279, 280, 281, 288, 296], "excluded_lines": [], "start_line": 267, "executed_branches": [], "missing_branches": []}, "_provider_for": {"executed_lines": [307, 308, 309], "summary": {"covered_lines": 3, "num_statements": 3, "percent_covered": 100.0, "percent_covered_display": "100", "missing_lines": 0, "excluded_lines": 0, "percent_statements_covered": 100.0, "percent_statements_covered_display": "100", "num_branches": 2, "num_partial_branches": 0, "covered_branches": 2, "missing_branches": 0, "percent_branches_covered": 100.0, "percent_branches_covered_display": "100"}, "missing_lines": [], "excluded_lines": [], "start_line": 299, "executed_branches": [[307, 308], [307, 309]], "missing_branches": []}, "_parse_analysis": {"executed_lines": [318, 319, 320, 321, 322, 323, 324, 325, 326], "summary": {"covered_lines": 9, "num_statements": 9, "percent_covered": 100.0, "percent_covered_display": "100", "missing_lines": 0, "excluded_lines": 0, "percent_statements_covered": 100.0, "percent_statements_covered_display": "100", "num_branches": 4, "num_partial_branches": 0, "covered_branches": 4, "missing_branches": 0, "percent_branches_covered": 100.0, "percent_branches_covered_display": "100"}, "missing_lines": [], "excluded_lines": [], "start_line": 312, "executed_branches": [[319, 320], [319, 322], [323, 324], [323, 326]], "missing_branches": []}, "_file_proposals": {"executed_lines": [], "summary": {"covered_lines": 0, "num_statements": 11, "percent_covered": 0.0, "percent_covered_display": "0", "missing_lines": 11, "excluded_lines": 0, "percent_statements_covered": 0.0, "percent_statements_covered_display": "0", "num_branches": 0, "num_partial_branches": 0, "covered_branches": 0, "missing_branches": 0, "percent_branches_covered": 100.0, "percent_branches_covered_display": "100"}, "missing_lines": [339, 340, 345, 357, 358, 359, 364, 365, 366, 367, 368], "excluded_lines": [], "start_line": 329, "executed_branches": [], "missing_branches": []}, "_brokered_agent": {"executed_lines": [], "summary": {"covered_lines": 0, "num_statements": 4, "percent_covered": 0.0, "percent_covered_display": "0", "missing_lines": 4, "excluded_lines": 0, "percent_statements_covered": 0.0, "percent_statements_covered_display": "0", "num_branches": 0, "num_partial_branches": 0, "covered_branches": 0, "missing_branches": 0, "percent_branches_covered": 100.0, "percent_branches_covered_display": "100"}, "missing_lines": [373, 374, 376, 383], "excluded_lines": [], "start_line": 371, "executed_branches": [], "missing_branches": []}, "run_analyst": {"executed_lines": [393, 394, 395, 397, 400, 403, 404, 405, 406, 410, 415, 416, 417, 419, 432, 433], "summary": {"covered_lines": 16, "num_statements": 16, "percent_covered": 100.0, "percent_covered_display": "100", "missing_lines": 0, "excluded_lines": 0, "percent_statements_covered": 100.0, "percent_statements_covered_display": "100", "num_branches": 6, "num_partial_branches": 0, "covered_branches": 6, "missing_branches": 0, "percent_branches_covered": 100.0, "percent_branches_covered_display": "100"}, "missing_lines": [], "excluded_lines": [], "start_line": 388, "executed_branches": [[394, 395], [394, 397], [404, 405], [404, 410], [416, 417], [416, 419]], "missing_branches": []}, "_targeted_store_path": {"executed_lines": [440, 441, 442], "summary": {"covered_lines": 3, "num_statements": 3, "percent_covered": 100.0, "percent_covered_display": "100", "missing_lines": 0, "excluded_lines": 0, "percent_statements_covered": 100.0, "percent_statements_covered_display": "100", "num_branches": 0, "num_partial_branches": 0, "covered_branches": 0, "missing_branches": 0, "percent_branches_covered": 100.0, "percent_branches_covered_display": "100"}, "missing_lines": [], "excluded_lines": [], "start_line": 439, "executed_branches": [], "missing_branches": []}, "load_targeted_analysis": {"executed_lines": [447], "summary": {"covered_lines": 1, "num_statements": 1, "percent_covered": 100.0, "percent_covered_display": "100", "missing_lines": 0, "excluded_lines": 0, "percent_statements_covered": 100.0, "percent_statements_covered_display": "100", "num_branches": 0, "num_partial_branches": 0, "covered_branches": 0, "missing_branches": 0, "percent_branches_covered": 100.0, "percent_branches_covered_display": "100"}, "missing_lines": [], "excluded_lines": [], "start_line": 445, "executed_branches": [], "missing_branches": []}, "_split_session": {"executed_lines": [452, 453, 454, 455], "summary": {"covered_lines": 4, "num_statements": 4, "percent_covered": 100.0, "percent_covered_display": "100", "missing_lines": 0, "excluded_lines": 0, "percent_statements_covered": 100.0, "percent_statements_covered_display": "100", "num_branches": 2, "num_partial_branches": 0, "covered_branches": 2, "missing_branches": 0, "percent_branches_covered": 100.0, "percent_branches_covered_display": "100"}, "missing_lines": [], "excluded_lines": [], "start_line": 450, "executed_branches": [[453, 454], [453, 455]], "missing_branches": []}, "_fetch_ticket_context": {"executed_lines": [], "summary": {"covered_lines": 0, "num_statements": 11, "percent_covered": 0.0, "percent_covered_display": "0", "missing_lines": 11, "excluded_lines": 0, "percent_statements_covered": 0.0, "percent_statements_covered_display": "0", "num_branches": 2, "num_partial_branches": 0, "covered_branches": 0, "missing_branches": 2, "percent_branches_covered": 0.0, "percent_branches_covered_display": "0"}, "missing_lines": [462, 463, 464, 465, 466, 471, 472, 477, 478, 479, 480], "excluded_lines": [], "start_line": 458, "executed_branches": [], "missing_branches": [[466, 471], [466, 480]]}, "_run_opus_analysis_and_file": {"executed_lines": [492, 495, 496, 497, 498, 507, 508], "summary": {"covered_lines": 7, "num_statements": 7, "percent_covered": 100.0, "percent_covered_display": "100", "missing_lines": 0, "excluded_lines": 0, "percent_statements_covered": 100.0, "percent_statements_covered_display": "100", "num_branches": 2, "num_partial_branches": 0, "covered_branches": 2, "missing_branches": 0, "percent_branches_covered": 100.0, "percent_branches_covered_display": "100"}, "missing_lines": [], "excluded_lines": [], "start_line": 483, "executed_branches": [[496, 497], [496, 498]], "missing_branches": []}, "run_ticket_analyst": {"executed_lines": [517, 518, 519, 521, 522, 523, 528, 529, 531, 532, 533, 536, 549], "summary": {"covered_lines": 13, "num_statements": 14, "percent_covered": 90.0, "percent_covered_display": "90", "missing_lines": 1, "excluded_lines": 0, "percent_statements_covered": 92.85714285714286, "percent_statements_covered_display": "93", "num_branches": 6, "num_partial_branches": 1, "covered_branches": 5, "missing_branches": 1, "percent_branches_covered": 83.33333333333333, "percent_branches_covered_display": "83"}, "missing_lines": [534], "excluded_lines": [], "start_line": 511, "executed_branches": [[518, 519], [518, 521], [522, 523], [522, 531], [533, 536]], "missing_branches": [[533, 534]]}, "run_stage_analyst": {"executed_lines": [574, 575, 576, 578, 579, 580, 585, 586, 588, 589, 590, 591, 592, 593, 595, 604], "summary": {"covered_lines": 16, "num_statements": 16, "percent_covered": 100.0, "percent_covered_display": "100", "missing_lines": 0, "excluded_lines": 0, "percent_statements_covered": 100.0, "percent_statements_covered_display": "100", "num_branches": 6, "num_partial_branches": 0, "covered_branches": 6, "missing_branches": 0, "percent_branches_covered": 100.0, "percent_branches_covered_display": "100"}, "missing_lines": [], "excluded_lines": [], "start_line": 568, "executed_branches": [[575, 576], [575, 578], [579, 580], [579, 588], [589, 590], [589, 595]], "missing_branches": []}, "": {"executed_lines": [13, 15, 16, 17, 18, 19, 20, 21, 23, 28, 29, 31, 34, 37, 51, 71, 80, 82, 90, 103, 114, 117, 118, 119, 122, 130, 131, 134, 140, 165, 174, 178, 252, 267, 299, 312, 329, 371, 388, 439, 445, 450, 458, 483, 511, 568], "summary": {"covered_lines": 46, "num_statements": 46, "percent_covered": 100.0, "percent_covered_display": "100", "missing_lines": 0, "excluded_lines": 2, "percent_statements_covered": 100.0, "percent_statements_covered_display": "100", "num_branches": 0, "num_partial_branches": 0, "covered_branches": 0, "missing_branches": 0, "percent_branches_covered": 100.0, "percent_branches_covered_display": "100"}, "missing_lines": [], "excluded_lines": [25, 26], "start_line": 1, "executed_branches": [], "missing_branches": []}}, "classes": {"Proposal": {"executed_lines": [], "summary": {"covered_lines": 0, "num_statements": 0, "percent_covered": 100.0, "percent_covered_display": "100", "missing_lines": 0, "excluded_lines": 0, "percent_statements_covered": 100.0, "percent_statements_covered_display": "100", "num_branches": 0, "num_partial_branches": 0, "covered_branches": 0, "missing_branches": 0, "percent_branches_covered": 100.0, "percent_branches_covered_display": "100"}, "missing_lines": [], "excluded_lines": [], "start_line": 114, "executed_branches": [], "missing_branches": []}, "Analysis": {"executed_lines": [], "summary": {"covered_lines": 0, "num_statements": 0, "percent_covered": 100.0, "percent_covered_display": "100", "missing_lines": 0, "excluded_lines": 0, "percent_statements_covered": 100.0, "percent_statements_covered_display": "100", "num_branches": 0, "num_partial_branches": 0, "covered_branches": 0, "missing_branches": 0, "percent_branches_covered": 100.0, "percent_branches_covered_display": "100"}, "missing_lines": [], "excluded_lines": [], "start_line": 122, "executed_branches": [], "missing_branches": []}, "": {"executed_lines": [13, 15, 16, 17, 18, 19, 20, 21, 23, 28, 29, 31, 34, 37, 51, 71, 80, 82, 90, 103, 114, 117, 118, 119, 122, 130, 131, 134, 135, 136, 137, 140, 144, 145, 146, 147, 148, 156, 165, 166, 167, 168, 169, 170, 171, 174, 175, 178, 252, 254, 255, 256, 258, 267, 299, 307, 308, 309, 312, 318, 319, 320, 321, 322, 323, 324, 325, 326, 329, 371, 388, 393, 394, 395, 397, 400, 403, 404, 405, 406, 410, 415, 416, 417, 419, 432, 433, 439, 440, 441, 442, 445, 447, 450, 452, 453, 454, 455, 458, 483, 492, 495, 496, 497, 498, 507, 508, 511, 517, 518, 519, 521, 522, 523, 528, 529, 531, 532, 533, 536, 549, 568, 574, 575, 576, 578, 579, 580, 585, 586, 588, 589, 590, 591, 592, 593, 595, 604], "summary": {"covered_lines": 138, "num_statements": 191, "percent_covered": 73.79912663755458, "percent_covered_display": "74", "missing_lines": 53, "excluded_lines": 2, "percent_statements_covered": 72.25130890052355, "percent_statements_covered_display": "72", "num_branches": 38, "num_partial_branches": 1, "covered_branches": 31, "missing_branches": 7, "percent_branches_covered": 81.57894736842105, "percent_branches_covered_display": "82"}, "missing_lines": [192, 193, 194, 196, 201, 202, 203, 204, 205, 206, 207, 214, 218, 219, 221, 227, 243, 249, 275, 276, 277, 279, 280, 281, 288, 296, 339, 340, 345, 357, 358, 359, 364, 365, 366, 367, 368, 373, 374, 376, 383, 462, 463, 464, 465, 466, 471, 472, 477, 478, 479, 480, 534], "excluded_lines": [25, 26], "start_line": 1, "executed_branches": [[166, 167], [166, 168], [254, -252], [254, 255], [307, 308], [307, 309], [319, 320], [319, 322], [323, 324], [323, 326], [394, 395], [394, 397], [404, 405], [404, 410], [416, 417], [416, 419], [453, 454], [453, 455], [496, 497], [496, 498], [518, 519], [518, 521], [522, 523], [522, 531], [533, 536], [575, 576], [575, 578], [579, 580], [579, 588], [589, 590], [589, 595]], "missing_branches": [[203, 204], [203, 243], [205, 206], [205, 207], [466, 471], [466, 480], [533, 534]]}}}, "src/robotsix_cost_monitor/app.py": {"executed_lines": [3, 5, 6, 7, 8, 9, 10, 11, 13, 14, 15, 17, 25, 26, 27, 29, 30, 33, 34, 36, 41, 42, 45, 47, 48, 49, 50, 53, 56, 64, 69, 70, 73, 82, 83, 84, 85, 86, 87, 90, 117, 129, 130, 131, 133, 134, 155, 156, 157, 159, 160, 161, 163, 164, 167, 168, 172, 173, 175, 176, 181, 182, 184, 185, 189, 190, 192, 193, 198, 199, 201, 202, 207, 208, 210, 211, 218, 219, 222, 225, 226, 228, 229, 230, 232, 233, 237, 238, 241, 242, 245, 246, 249, 250, 253, 254, 257, 258, 261, 262, 263, 265, 266, 269, 270, 272], "summary": {"covered_lines": 106, "num_statements": 159, "percent_covered": 63.687150837988824, "percent_covered_display": "64", "missing_lines": 53, "excluded_lines": 0, "percent_statements_covered": 66.66666666666667, "percent_statements_covered_display": "67", "num_branches": 20, "num_partial_branches": 2, "covered_branches": 8, "missing_branches": 12, "percent_branches_covered": 40.0, "percent_branches_covered_display": "40"}, "missing_lines": [37, 38, 51, 52, 97, 98, 103, 104, 107, 108, 109, 110, 111, 112, 113, 114, 120, 121, 122, 123, 124, 125, 126, 135, 136, 137, 138, 139, 142, 143, 144, 145, 146, 147, 149, 150, 151, 152, 153, 165, 215, 216, 223, 224, 234, 235, 239, 243, 247, 251, 255, 259, 267], "excluded_lines": [], "executed_branches": [[47, 48], [47, 49], [82, 83], [82, 84], [85, 86], [85, 87], [222, 225], [269, 270]], "missing_branches": [[109, 110], [109, 114], [137, 138], [137, 142], [143, 144], [143, 146], [149, 150], [149, 151], [151, -133], [151, 152], [222, 223], [269, 272]], "functions": {"_window": {"executed_lines": [42], "summary": {"covered_lines": 1, "num_statements": 1, "percent_covered": 100.0, "percent_covered_display": "100", "missing_lines": 0, "excluded_lines": 0, "percent_statements_covered": 100.0, "percent_statements_covered_display": "100", "num_branches": 0, "num_partial_branches": 0, "covered_branches": 0, "missing_branches": 0, "percent_branches_covered": 100.0, "percent_branches_covered_display": "100"}, "missing_lines": [], "excluded_lines": [], "start_line": 41, "executed_branches": [], "missing_branches": []}, "_parse_iso": {"executed_lines": [47, 48, 49, 50, 53], "summary": {"covered_lines": 5, "num_statements": 7, "percent_covered": 77.77777777777777, "percent_covered_display": "78", "missing_lines": 2, "excluded_lines": 0, "percent_statements_covered": 71.42857142857143, "percent_statements_covered_display": "71", "num_branches": 2, "num_partial_branches": 0, "covered_branches": 2, "missing_branches": 0, "percent_branches_covered": 100.0, "percent_branches_covered_display": "100"}, "missing_lines": [51, 52], "excluded_lines": [], "start_line": 45, "executed_branches": [[47, 48], [47, 49]], "missing_branches": []}, "_last_analyst_run": {"executed_lines": [64, 69, 70], "summary": {"covered_lines": 3, "num_statements": 3, "percent_covered": 100.0, "percent_covered_display": "100", "missing_lines": 0, "excluded_lines": 0, "percent_statements_covered": 100.0, "percent_statements_covered_display": "100", "num_branches": 0, "num_partial_branches": 0, "covered_branches": 0, "missing_branches": 0, "percent_branches_covered": 100.0, "percent_branches_covered_display": "100"}, "missing_lines": [], "excluded_lines": [], "start_line": 56, "executed_branches": [], "missing_branches": []}, "_initial_analyst_delay": {"executed_lines": [82, 83, 84, 85, 86, 87], "summary": {"covered_lines": 6, "num_statements": 6, "percent_covered": 100.0, "percent_covered_display": "100", "missing_lines": 0, "excluded_lines": 0, "percent_statements_covered": 100.0, "percent_statements_covered_display": "100", "num_branches": 4, "num_partial_branches": 0, "covered_branches": 4, "missing_branches": 0, "percent_branches_covered": 100.0, "percent_branches_covered_display": "100"}, "missing_lines": [], "excluded_lines": [], "start_line": 73, "executed_branches": [[82, 83], [82, 84], [85, 86], [85, 87]], "missing_branches": []}, "_analyst_loop": {"executed_lines": [], "summary": {"covered_lines": 0, "num_statements": 12, "percent_covered": 0.0, "percent_covered_display": "0", "missing_lines": 12, "excluded_lines": 0, "percent_statements_covered": 0.0, "percent_statements_covered_display": "0", "num_branches": 2, "num_partial_branches": 0, "covered_branches": 0, "missing_branches": 2, "percent_branches_covered": 0.0, "percent_branches_covered_display": "0"}, "missing_lines": [97, 98, 103, 104, 107, 108, 109, 110, 111, 112, 113, 114], "excluded_lines": [], "start_line": 90, "executed_branches": [], "missing_branches": [[109, 110], [109, 114]]}, "_reconcile_loop": {"executed_lines": [], "summary": {"covered_lines": 0, "num_statements": 7, "percent_covered": 0.0, "percent_covered_display": "0", "missing_lines": 7, "excluded_lines": 0, "percent_statements_covered": 0.0, "percent_statements_covered_display": "0", "num_branches": 0, "num_partial_branches": 0, "covered_branches": 0, "missing_branches": 0, "percent_branches_covered": 100.0, "percent_branches_covered_display": "100"}, "missing_lines": [120, 121, 122, 123, 124, 125, 126], "excluded_lines": [], "start_line": 117, "executed_branches": [], "missing_branches": []}, "create_app": {"executed_lines": [130, 131, 133, 134, 155, 156, 157, 159, 160, 163, 164, 167, 168, 175, 176, 184, 185, 192, 193, 201, 202, 210, 211, 218, 219, 228, 229, 232, 233, 237, 238, 241, 242, 245, 246, 249, 250, 253, 254, 257, 258, 261, 262, 265, 266, 269, 270, 272], "summary": {"covered_lines": 48, "num_statements": 48, "percent_covered": 98.0, "percent_covered_display": "98", "missing_lines": 0, "excluded_lines": 0, "percent_statements_covered": 100.0, "percent_statements_covered_display": "100", "num_branches": 2, "num_partial_branches": 1, "covered_branches": 1, "missing_branches": 1, "percent_branches_covered": 50.0, "percent_branches_covered_display": "50"}, "missing_lines": [], "excluded_lines": [], "start_line": 129, "executed_branches": [[269, 270]], "missing_branches": [[269, 272]]}, "create_app.lifespan": {"executed_lines": [], "summary": {"covered_lines": 0, "num_statements": 16, "percent_covered": 0.0, "percent_covered_display": "0", "missing_lines": 16, "excluded_lines": 0, "percent_statements_covered": 0.0, "percent_statements_covered_display": "0", "num_branches": 8, "num_partial_branches": 0, "covered_branches": 0, "missing_branches": 8, "percent_branches_covered": 0.0, "percent_branches_covered_display": "0"}, "missing_lines": [135, 136, 137, 138, 139, 142, 143, 144, 145, 146, 147, 149, 150, 151, 152, 153], "excluded_lines": [], "start_line": 134, "executed_branches": [], "missing_branches": [[137, 138], [137, 142], [143, 144], [143, 146], [149, 150], [149, 151], [151, -133], [151, 152]]}, "create_app.health": {"executed_lines": [161], "summary": {"covered_lines": 1, "num_statements": 1, "percent_covered": 100.0, "percent_covered_display": "100", "missing_lines": 0, "excluded_lines": 0, "percent_statements_covered": 100.0, "percent_statements_covered_display": "100", "num_branches": 0, "num_partial_branches": 0, "covered_branches": 0, "missing_branches": 0, "percent_branches_covered": 100.0, "percent_branches_covered_display": "100"}, "missing_lines": [], "excluded_lines": [], "start_line": 160, "executed_branches": [], "missing_branches": []}, "create_app.projects": {"executed_lines": [], "summary": {"covered_lines": 0, "num_statements": 1, "percent_covered": 0.0, "percent_covered_display": "0", "missing_lines": 1, "excluded_lines": 0, "percent_statements_covered": 0.0, "percent_statements_covered_display": "0", "num_branches": 0, "num_partial_branches": 0, "covered_branches": 0, "missing_branches": 0, "percent_branches_covered": 100.0, "percent_branches_covered_display": "100"}, "missing_lines": [165], "excluded_lines": [], "start_line": 164, "executed_branches": [], "missing_branches": []}, "create_app.summary": {"executed_lines": [172, 173], "summary": {"covered_lines": 2, "num_statements": 2, "percent_covered": 100.0, "percent_covered_display": "100", "missing_lines": 0, "excluded_lines": 0, "percent_statements_covered": 100.0, "percent_statements_covered_display": "100", "num_branches": 0, "num_partial_branches": 0, "covered_branches": 0, "missing_branches": 0, "percent_branches_covered": 100.0, "percent_branches_covered_display": "100"}, "missing_lines": [], "excluded_lines": [], "start_line": 168, "executed_branches": [], "missing_branches": []}, "create_app.by_agent": {"executed_lines": [181, 182], "summary": {"covered_lines": 2, "num_statements": 2, "percent_covered": 100.0, "percent_covered_display": "100", "missing_lines": 0, "excluded_lines": 0, "percent_statements_covered": 100.0, "percent_statements_covered_display": "100", "num_branches": 0, "num_partial_branches": 0, "covered_branches": 0, "missing_branches": 0, "percent_branches_covered": 100.0, "percent_branches_covered_display": "100"}, "missing_lines": [], "excluded_lines": [], "start_line": 176, "executed_branches": [], "missing_branches": []}, "create_app.by_model": {"executed_lines": [189, 190], "summary": {"covered_lines": 2, "num_statements": 2, "percent_covered": 100.0, "percent_covered_display": "100", "missing_lines": 0, "excluded_lines": 0, "percent_statements_covered": 100.0, "percent_statements_covered_display": "100", "num_branches": 0, "num_partial_branches": 0, "covered_branches": 0, "missing_branches": 0, "percent_branches_covered": 100.0, "percent_branches_covered_display": "100"}, "missing_lines": [], "excluded_lines": [], "start_line": 185, "executed_branches": [], "missing_branches": []}, "create_app.backend_trend": {"executed_lines": [198, 199], "summary": {"covered_lines": 2, "num_statements": 2, "percent_covered": 100.0, "percent_covered_display": "100", "missing_lines": 0, "excluded_lines": 0, "percent_statements_covered": 100.0, "percent_statements_covered_display": "100", "num_branches": 0, "num_partial_branches": 0, "covered_branches": 0, "missing_branches": 0, "percent_branches_covered": 100.0, "percent_branches_covered_display": "100"}, "missing_lines": [], "excluded_lines": [], "start_line": 193, "executed_branches": [], "missing_branches": []}, "create_app.trend": {"executed_lines": [207, 208], "summary": {"covered_lines": 2, "num_statements": 2, "percent_covered": 100.0, "percent_covered_display": "100", "missing_lines": 0, "excluded_lines": 0, "percent_statements_covered": 100.0, "percent_statements_covered_display": "100", "num_branches": 0, "num_partial_branches": 0, "covered_branches": 0, "missing_branches": 0, "percent_branches_covered": 100.0, "percent_branches_covered_display": "100"}, "missing_lines": [], "excluded_lines": [], "start_line": 202, "executed_branches": [], "missing_branches": []}, "create_app.highlights": {"executed_lines": [], "summary": {"covered_lines": 0, "num_statements": 2, "percent_covered": 0.0, "percent_covered_display": "0", "missing_lines": 2, "excluded_lines": 0, "percent_statements_covered": 0.0, "percent_statements_covered_display": "0", "num_branches": 0, "num_partial_branches": 0, "covered_branches": 0, "missing_branches": 0, "percent_branches_covered": 100.0, "percent_branches_covered_display": "100"}, "missing_lines": [215, 216], "excluded_lines": [], "start_line": 211, "executed_branches": [], "missing_branches": []}, "create_app.reconcile": {"executed_lines": [222, 225, 226], "summary": {"covered_lines": 3, "num_statements": 5, "percent_covered": 57.142857142857146, "percent_covered_display": "57", "missing_lines": 2, "excluded_lines": 0, "percent_statements_covered": 60.0, "percent_statements_covered_display": "60", "num_branches": 2, "num_partial_branches": 1, "covered_branches": 1, "missing_branches": 1, "percent_branches_covered": 50.0, "percent_branches_covered_display": "50"}, "missing_lines": [223, 224], "excluded_lines": [], "start_line": 219, "executed_branches": [[222, 225]], "missing_branches": [[222, 223]]}, "create_app.reconcile_last": {"executed_lines": [230], "summary": {"covered_lines": 1, "num_statements": 1, "percent_covered": 100.0, "percent_covered_display": "100", "missing_lines": 0, "excluded_lines": 0, "percent_statements_covered": 100.0, "percent_statements_covered_display": "100", "num_branches": 0, "num_partial_branches": 0, "covered_branches": 0, "missing_branches": 0, "percent_branches_covered": 100.0, "percent_branches_covered_display": "100"}, "missing_lines": [], "excluded_lines": [], "start_line": 229, "executed_branches": [], "missing_branches": []}, "create_app.analyst_digest": {"executed_lines": [], "summary": {"covered_lines": 0, "num_statements": 2, "percent_covered": 0.0, "percent_covered_display": "0", "missing_lines": 2, "excluded_lines": 0, "percent_statements_covered": 0.0, "percent_statements_covered_display": "0", "num_branches": 0, "num_partial_branches": 0, "covered_branches": 0, "missing_branches": 0, "percent_branches_covered": 100.0, "percent_branches_covered_display": "100"}, "missing_lines": [234, 235], "excluded_lines": [], "start_line": 233, "executed_branches": [], "missing_branches": []}, "create_app.analyst_proposals": {"executed_lines": [], "summary": {"covered_lines": 0, "num_statements": 1, "percent_covered": 0.0, "percent_covered_display": "0", "missing_lines": 1, "excluded_lines": 0, "percent_statements_covered": 0.0, "percent_statements_covered_display": "0", "num_branches": 0, "num_partial_branches": 0, "covered_branches": 0, "missing_branches": 0, "percent_branches_covered": 100.0, "percent_branches_covered_display": "100"}, "missing_lines": [239], "excluded_lines": [], "start_line": 238, "executed_branches": [], "missing_branches": []}, "create_app.analyst_run": {"executed_lines": [], "summary": {"covered_lines": 0, "num_statements": 1, "percent_covered": 0.0, "percent_covered_display": "0", "missing_lines": 1, "excluded_lines": 0, "percent_statements_covered": 0.0, "percent_statements_covered_display": "0", "num_branches": 0, "num_partial_branches": 0, "covered_branches": 0, "missing_branches": 0, "percent_branches_covered": 100.0, "percent_branches_covered_display": "100"}, "missing_lines": [243], "excluded_lines": [], "start_line": 242, "executed_branches": [], "missing_branches": []}, "create_app.analyst_ticket": {"executed_lines": [], "summary": {"covered_lines": 0, "num_statements": 1, "percent_covered": 0.0, "percent_covered_display": "0", "missing_lines": 1, "excluded_lines": 0, "percent_statements_covered": 0.0, "percent_statements_covered_display": "0", "num_branches": 0, "num_partial_branches": 0, "covered_branches": 0, "missing_branches": 0, "percent_branches_covered": 100.0, "percent_branches_covered_display": "100"}, "missing_lines": [247], "excluded_lines": [], "start_line": 246, "executed_branches": [], "missing_branches": []}, "create_app.analyst_ticket_run": {"executed_lines": [], "summary": {"covered_lines": 0, "num_statements": 1, "percent_covered": 0.0, "percent_covered_display": "0", "missing_lines": 1, "excluded_lines": 0, "percent_statements_covered": 0.0, "percent_statements_covered_display": "0", "num_branches": 0, "num_partial_branches": 0, "covered_branches": 0, "missing_branches": 0, "percent_branches_covered": 100.0, "percent_branches_covered_display": "100"}, "missing_lines": [251], "excluded_lines": [], "start_line": 250, "executed_branches": [], "missing_branches": []}, "create_app.analyst_stage": {"executed_lines": [], "summary": {"covered_lines": 0, "num_statements": 1, "percent_covered": 0.0, "percent_covered_display": "0", "missing_lines": 1, "excluded_lines": 0, "percent_statements_covered": 0.0, "percent_statements_covered_display": "0", "num_branches": 0, "num_partial_branches": 0, "covered_branches": 0, "missing_branches": 0, "percent_branches_covered": 100.0, "percent_branches_covered_display": "100"}, "missing_lines": [255], "excluded_lines": [], "start_line": 254, "executed_branches": [], "missing_branches": []}, "create_app.analyst_stage_run": {"executed_lines": [], "summary": {"covered_lines": 0, "num_statements": 1, "percent_covered": 0.0, "percent_covered_display": "0", "missing_lines": 1, "excluded_lines": 0, "percent_statements_covered": 0.0, "percent_statements_covered_display": "0", "num_branches": 0, "num_partial_branches": 0, "covered_branches": 0, "missing_branches": 0, "percent_branches_covered": 100.0, "percent_branches_covered_display": "100"}, "missing_lines": [259], "excluded_lines": [], "start_line": 258, "executed_branches": [], "missing_branches": []}, "create_app.index": {"executed_lines": [263], "summary": {"covered_lines": 1, "num_statements": 1, "percent_covered": 100.0, "percent_covered_display": "100", "missing_lines": 0, "excluded_lines": 0, "percent_statements_covered": 100.0, "percent_statements_covered_display": "100", "num_branches": 0, "num_partial_branches": 0, "covered_branches": 0, "missing_branches": 0, "percent_branches_covered": 100.0, "percent_branches_covered_display": "100"}, "missing_lines": [], "excluded_lines": [], "start_line": 262, "executed_branches": [], "missing_branches": []}, "create_app.analyst_page": {"executed_lines": [], "summary": {"covered_lines": 0, "num_statements": 1, "percent_covered": 0.0, "percent_covered_display": "0", "missing_lines": 1, "excluded_lines": 0, "percent_statements_covered": 0.0, "percent_statements_covered_display": "0", "num_branches": 0, "num_partial_branches": 0, "covered_branches": 0, "missing_branches": 0, "percent_branches_covered": 100.0, "percent_branches_covered_display": "100"}, "missing_lines": [267], "excluded_lines": [], "start_line": 266, "executed_branches": [], "missing_branches": []}, "": {"executed_lines": [3, 5, 6, 7, 8, 9, 10, 11, 13, 14, 15, 17, 25, 26, 27, 29, 30, 33, 34, 36, 41, 45, 56, 73, 90, 117, 129], "summary": {"covered_lines": 27, "num_statements": 29, "percent_covered": 93.10344827586206, "percent_covered_display": "93", "missing_lines": 2, "excluded_lines": 0, "percent_statements_covered": 93.10344827586206, "percent_statements_covered_display": "93", "num_branches": 0, "num_partial_branches": 0, "covered_branches": 0, "missing_branches": 0, "percent_branches_covered": 100.0, "percent_branches_covered_display": "100"}, "missing_lines": [37, 38], "excluded_lines": [], "start_line": 1, "executed_branches": [], "missing_branches": []}}, "classes": {"": {"executed_lines": [3, 5, 6, 7, 8, 9, 10, 11, 13, 14, 15, 17, 25, 26, 27, 29, 30, 33, 34, 36, 41, 42, 45, 47, 48, 49, 50, 53, 56, 64, 69, 70, 73, 82, 83, 84, 85, 86, 87, 90, 117, 129, 130, 131, 133, 134, 155, 156, 157, 159, 160, 161, 163, 164, 167, 168, 172, 173, 175, 176, 181, 182, 184, 185, 189, 190, 192, 193, 198, 199, 201, 202, 207, 208, 210, 211, 218, 219, 222, 225, 226, 228, 229, 230, 232, 233, 237, 238, 241, 242, 245, 246, 249, 250, 253, 254, 257, 258, 261, 262, 263, 265, 266, 269, 270, 272], "summary": {"covered_lines": 106, "num_statements": 159, "percent_covered": 63.687150837988824, "percent_covered_display": "64", "missing_lines": 53, "excluded_lines": 0, "percent_statements_covered": 66.66666666666667, "percent_statements_covered_display": "67", "num_branches": 20, "num_partial_branches": 2, "covered_branches": 8, "missing_branches": 12, "percent_branches_covered": 40.0, "percent_branches_covered_display": "40"}, "missing_lines": [37, 38, 51, 52, 97, 98, 103, 104, 107, 108, 109, 110, 111, 112, 113, 114, 120, 121, 122, 123, 124, 125, 126, 135, 136, 137, 138, 139, 142, 143, 144, 145, 146, 147, 149, 150, 151, 152, 153, 165, 215, 216, 223, 224, 234, 235, 239, 243, 247, 251, 255, 259, 267], "excluded_lines": [], "start_line": 1, "executed_branches": [[47, 48], [47, 49], [82, 83], [82, 84], [85, 86], [85, 87], [222, 225], [269, 270]], "missing_branches": [[109, 110], [109, 114], [137, 138], [137, 142], [143, 144], [143, 146], [149, 150], [149, 151], [151, -133], [151, 152], [222, 223], [269, 272]]}}}, "src/robotsix_cost_monitor/cli.py": {"executed_lines": [3, 5, 6, 7, 8, 10, 12, 13, 14, 17, 18, 19, 21, 22, 23, 25, 26, 27, 29, 30, 32, 34, 35, 36, 37, 40, 42, 43, 44, 45, 46, 47, 48, 49, 50, 55, 56, 57, 63], "summary": {"covered_lines": 39, "num_statements": 42, "percent_covered": 90.0, "percent_covered_display": "90", "missing_lines": 3, "excluded_lines": 0, "percent_statements_covered": 92.85714285714286, "percent_statements_covered_display": "93", "num_branches": 8, "num_partial_branches": 2, "covered_branches": 6, "missing_branches": 2, "percent_branches_covered": 75.0, "percent_branches_covered_display": "75"}, "missing_lines": [59, 60, 64], "excluded_lines": [], "executed_branches": [[34, 35], [34, 42], [43, 44], [43, 49], [49, 50], [63, -1]], "missing_branches": [[49, 59], [63, 64]], "functions": {"main": {"executed_lines": [18, 19, 21, 22, 23, 25, 26, 27, 29, 30, 32, 34, 35, 36, 37, 40, 42, 43, 44, 45, 46, 47, 48, 49, 50, 55, 56, 57], "summary": {"covered_lines": 28, "num_statements": 30, "percent_covered": 91.66666666666667, "percent_covered_display": "92", "missing_lines": 2, "excluded_lines": 0, "percent_statements_covered": 93.33333333333333, "percent_statements_covered_display": "93", "num_branches": 6, "num_partial_branches": 1, "covered_branches": 5, "missing_branches": 1, "percent_branches_covered": 83.33333333333333, "percent_branches_covered_display": "83"}, "missing_lines": [59, 60], "excluded_lines": [], "start_line": 17, "executed_branches": [[34, 35], [34, 42], [43, 44], [43, 49], [49, 50]], "missing_branches": [[49, 59]]}, "": {"executed_lines": [3, 5, 6, 7, 8, 10, 12, 13, 14, 17, 63], "summary": {"covered_lines": 11, "num_statements": 12, "percent_covered": 85.71428571428571, "percent_covered_display": "86", "missing_lines": 1, "excluded_lines": 0, "percent_statements_covered": 91.66666666666667, "percent_statements_covered_display": "92", "num_branches": 2, "num_partial_branches": 1, "covered_branches": 1, "missing_branches": 1, "percent_branches_covered": 50.0, "percent_branches_covered_display": "50"}, "missing_lines": [64], "excluded_lines": [], "start_line": 1, "executed_branches": [[63, -1]], "missing_branches": [[63, 64]]}}, "classes": {"": {"executed_lines": [3, 5, 6, 7, 8, 10, 12, 13, 14, 17, 18, 19, 21, 22, 23, 25, 26, 27, 29, 30, 32, 34, 35, 36, 37, 40, 42, 43, 44, 45, 46, 47, 48, 49, 50, 55, 56, 57, 63], "summary": {"covered_lines": 39, "num_statements": 42, "percent_covered": 90.0, "percent_covered_display": "90", "missing_lines": 3, "excluded_lines": 0, "percent_statements_covered": 92.85714285714286, "percent_statements_covered_display": "93", "num_branches": 8, "num_partial_branches": 2, "covered_branches": 6, "missing_branches": 2, "percent_branches_covered": 75.0, "percent_branches_covered_display": "75"}, "missing_lines": [59, 60, 64], "excluded_lines": [], "start_line": 1, "executed_branches": [[34, 35], [34, 42], [43, 44], [43, 49], [49, 50], [63, -1]], "missing_branches": [[49, 59], [63, 64]]}}}, "src/robotsix_cost_monitor/clients/__init__.py": {"executed_lines": [], "summary": {"covered_lines": 0, "num_statements": 0, "percent_covered": 100.0, "percent_covered_display": "100", "missing_lines": 0, "excluded_lines": 0, "percent_statements_covered": 100.0, "percent_statements_covered_display": "100", "num_branches": 0, "num_partial_branches": 0, "covered_branches": 0, "missing_branches": 0, "percent_branches_covered": 100.0, "percent_branches_covered_display": "100"}, "missing_lines": [], "excluded_lines": [], "executed_branches": [], "missing_branches": [], "functions": {"": {"executed_lines": [], "summary": {"covered_lines": 0, "num_statements": 0, "percent_covered": 100.0, "percent_covered_display": "100", "missing_lines": 0, "excluded_lines": 0, "percent_statements_covered": 100.0, "percent_statements_covered_display": "100", "num_branches": 0, "num_partial_branches": 0, "covered_branches": 0, "missing_branches": 0, "percent_branches_covered": 100.0, "percent_branches_covered_display": "100"}, "missing_lines": [], "excluded_lines": [], "start_line": 1, "executed_branches": [], "missing_branches": []}}, "classes": {"": {"executed_lines": [], "summary": {"covered_lines": 0, "num_statements": 0, "percent_covered": 100.0, "percent_covered_display": "100", "missing_lines": 0, "excluded_lines": 0, "percent_statements_covered": 100.0, "percent_statements_covered_display": "100", "num_branches": 0, "num_partial_branches": 0, "covered_branches": 0, "missing_branches": 0, "percent_branches_covered": 100.0, "percent_branches_covered_display": "100"}, "missing_lines": [], "excluded_lines": [], "start_line": 1, "executed_branches": [], "missing_branches": []}}}, "src/robotsix_cost_monitor/clients/langfuse.py": {"executed_lines": [13, 15, 16, 17, 19, 21, 28, 33, 40, 49, 51, 56, 58, 64, 66, 71, 72, 74, 93, 94, 105, 106, 107, 108, 113, 114, 115, 117, 124, 130, 132, 143, 154, 155, 156, 157, 158, 159, 160, 161, 162, 163, 164, 165, 166, 176, 182, 192, 193, 194, 195, 196, 197, 198, 199, 200, 201, 202, 203, 205, 213, 216, 217, 218, 219, 220, 221, 222, 225, 227, 236, 237, 242, 243, 244, 245, 246, 247, 248, 249, 250, 253], "summary": {"covered_lines": 82, "num_statements": 82, "percent_covered": 100.0, "percent_covered_display": "100", "missing_lines": 0, "excluded_lines": 0, "percent_statements_covered": 100.0, "percent_statements_covered_display": "100", "num_branches": 18, "num_partial_branches": 0, "covered_branches": 18, "missing_branches": 0, "percent_branches_covered": 100.0, "percent_branches_covered_display": "100"}, "missing_lines": [], "excluded_lines": [], "executed_branches": [[105, 106], [105, 107], [155, 156], [155, 165], [158, 159], [158, 160], [193, 194], [193, 203], [195, 196], [195, 197], [217, 218], [217, 225], [219, 220], [219, 221], [243, 244], [243, 253], [245, 246], [245, 247]], "missing_branches": [], "functions": {"LangfuseClient.__init__": {"executed_lines": [49, 51, 56], "summary": {"covered_lines": 3, "num_statements": 3, "percent_covered": 100.0, "percent_covered_display": "100", "missing_lines": 0, "excluded_lines": 0, "percent_statements_covered": 100.0, "percent_statements_covered_display": "100", "num_branches": 0, "num_partial_branches": 0, "covered_branches": 0, "missing_branches": 0, "percent_branches_covered": 100.0, "percent_branches_covered_display": "100"}, "missing_lines": [], "excluded_lines": [], "start_line": 40, "executed_branches": [], "missing_branches": []}, "LangfuseClient.fetch_traces_window": {"executed_lines": [64], "summary": {"covered_lines": 1, "num_statements": 1, "percent_covered": 100.0, "percent_covered_display": "100", "missing_lines": 0, "excluded_lines": 0, "percent_statements_covered": 100.0, "percent_statements_covered_display": "100", "num_branches": 0, "num_partial_branches": 0, "covered_branches": 0, "missing_branches": 0, "percent_branches_covered": 100.0, "percent_branches_covered_display": "100"}, "missing_lines": [], "excluded_lines": [], "start_line": 58, "executed_branches": [], "missing_branches": []}, "LangfuseClient.fetch_trace_detail": {"executed_lines": [71, 72], "summary": {"covered_lines": 2, "num_statements": 2, "percent_covered": 100.0, "percent_covered_display": "100", "missing_lines": 0, "excluded_lines": 0, "percent_statements_covered": 100.0, "percent_statements_covered_display": "100", "num_branches": 0, "num_partial_branches": 0, "covered_branches": 0, "missing_branches": 0, "percent_branches_covered": 100.0, "percent_branches_covered_display": "100"}, "missing_lines": [], "excluded_lines": [], "start_line": 66, "executed_branches": [], "missing_branches": []}, "LangfuseClient._metrics": {"executed_lines": [93, 94, 105, 106, 107, 108, 113, 114, 115], "summary": {"covered_lines": 9, "num_statements": 9, "percent_covered": 100.0, "percent_covered_display": "100", "missing_lines": 0, "excluded_lines": 0, "percent_statements_covered": 100.0, "percent_statements_covered_display": "100", "num_branches": 2, "num_partial_branches": 0, "covered_branches": 2, "missing_branches": 0, "percent_branches_covered": 100.0, "percent_branches_covered_display": "100"}, "missing_lines": [], "excluded_lines": [], "start_line": 74, "executed_branches": [[105, 106], [105, 107]], "missing_branches": []}, "LangfuseClient.fetch_trace_count_window": {"executed_lines": [124, 130], "summary": {"covered_lines": 2, "num_statements": 2, "percent_covered": 100.0, "percent_covered_display": "100", "missing_lines": 0, "excluded_lines": 0, "percent_statements_covered": 100.0, "percent_statements_covered_display": "100", "num_branches": 0, "num_partial_branches": 0, "covered_branches": 0, "missing_branches": 0, "percent_branches_covered": 100.0, "percent_branches_covered_display": "100"}, "missing_lines": [], "excluded_lines": [], "start_line": 117, "executed_branches": [], "missing_branches": []}, "LangfuseClient.fetch_agent_usage_window": {"executed_lines": [143, 154, 155, 156, 157, 158, 159, 160, 161, 162, 163, 164, 165, 166], "summary": {"covered_lines": 14, "num_statements": 14, "percent_covered": 100.0, "percent_covered_display": "100", "missing_lines": 0, "excluded_lines": 0, "percent_statements_covered": 100.0, "percent_statements_covered_display": "100", "num_branches": 4, "num_partial_branches": 0, "covered_branches": 4, "missing_branches": 0, "percent_branches_covered": 100.0, "percent_branches_covered_display": "100"}, "missing_lines": [], "excluded_lines": [], "start_line": 132, "executed_branches": [[155, 156], [155, 165], [158, 159], [158, 160]], "missing_branches": []}, "LangfuseClient.fetch_model_usage_window": {"executed_lines": [182, 192, 193, 194, 195, 196, 197, 198, 199, 200, 201, 202, 203], "summary": {"covered_lines": 13, "num_statements": 13, "percent_covered": 100.0, "percent_covered_display": "100", "missing_lines": 0, "excluded_lines": 0, "percent_statements_covered": 100.0, "percent_statements_covered_display": "100", "num_branches": 4, "num_partial_branches": 0, "covered_branches": 4, "missing_branches": 0, "percent_branches_covered": 100.0, "percent_branches_covered_display": "100"}, "missing_lines": [], "excluded_lines": [], "start_line": 176, "executed_branches": [[193, 194], [193, 203], [195, 196], [195, 197]], "missing_branches": []}, "LangfuseClient.fetch_cost_by_backend": {"executed_lines": [213, 216, 217, 218, 219, 220, 221, 222, 225], "summary": {"covered_lines": 9, "num_statements": 9, "percent_covered": 100.0, "percent_covered_display": "100", "missing_lines": 0, "excluded_lines": 0, "percent_statements_covered": 100.0, "percent_statements_covered_display": "100", "num_branches": 4, "num_partial_branches": 0, "covered_branches": 4, "missing_branches": 0, "percent_branches_covered": 100.0, "percent_branches_covered_display": "100"}, "missing_lines": [], "excluded_lines": [], "start_line": 205, "executed_branches": [[217, 218], [217, 225], [219, 220], [219, 221]], "missing_branches": []}, "LangfuseClient.fetch_backend_cost_window": {"executed_lines": [236, 237, 242, 243, 244, 245, 246, 247, 248, 249, 250, 253], "summary": {"covered_lines": 12, "num_statements": 12, "percent_covered": 100.0, "percent_covered_display": "100", "missing_lines": 0, "excluded_lines": 0, "percent_statements_covered": 100.0, "percent_statements_covered_display": "100", "num_branches": 4, "num_partial_branches": 0, "covered_branches": 4, "missing_branches": 0, "percent_branches_covered": 100.0, "percent_branches_covered_display": "100"}, "missing_lines": [], "excluded_lines": [], "start_line": 227, "executed_branches": [[243, 244], [243, 253], [245, 246], [245, 247]], "missing_branches": []}, "": {"executed_lines": [13, 15, 16, 17, 19, 21, 28, 33, 40, 58, 66, 74, 117, 132, 176, 205, 227], "summary": {"covered_lines": 17, "num_statements": 17, "percent_covered": 100.0, "percent_covered_display": "100", "missing_lines": 0, "excluded_lines": 0, "percent_statements_covered": 100.0, "percent_statements_covered_display": "100", "num_branches": 0, "num_partial_branches": 0, "covered_branches": 0, "missing_branches": 0, "percent_branches_covered": 100.0, "percent_branches_covered_display": "100"}, "missing_lines": [], "excluded_lines": [], "start_line": 1, "executed_branches": [], "missing_branches": []}}, "classes": {"LangfuseClient": {"executed_lines": [49, 51, 56, 64, 71, 72, 93, 94, 105, 106, 107, 108, 113, 114, 115, 124, 130, 143, 154, 155, 156, 157, 158, 159, 160, 161, 162, 163, 164, 165, 166, 182, 192, 193, 194, 195, 196, 197, 198, 199, 200, 201, 202, 203, 213, 216, 217, 218, 219, 220, 221, 222, 225, 236, 237, 242, 243, 244, 245, 246, 247, 248, 249, 250, 253], "summary": {"covered_lines": 65, "num_statements": 65, "percent_covered": 100.0, "percent_covered_display": "100", "missing_lines": 0, "excluded_lines": 0, "percent_statements_covered": 100.0, "percent_statements_covered_display": "100", "num_branches": 18, "num_partial_branches": 0, "covered_branches": 18, "missing_branches": 0, "percent_branches_covered": 100.0, "percent_branches_covered_display": "100"}, "missing_lines": [], "excluded_lines": [], "start_line": 33, "executed_branches": [[105, 106], [105, 107], [155, 156], [155, 165], [158, 159], [158, 160], [193, 194], [193, 203], [195, 196], [195, 197], [217, 218], [217, 225], [219, 220], [219, 221], [243, 244], [243, 253], [245, 246], [245, 247]], "missing_branches": []}, "": {"executed_lines": [13, 15, 16, 17, 19, 21, 28, 33, 40, 58, 66, 74, 117, 132, 176, 205, 227], "summary": {"covered_lines": 17, "num_statements": 17, "percent_covered": 100.0, "percent_covered_display": "100", "missing_lines": 0, "excluded_lines": 0, "percent_statements_covered": 100.0, "percent_statements_covered_display": "100", "num_branches": 0, "num_partial_branches": 0, "covered_branches": 0, "missing_branches": 0, "percent_branches_covered": 100.0, "percent_branches_covered_display": "100"}, "missing_lines": [], "excluded_lines": [], "start_line": 1, "executed_branches": [], "missing_branches": []}}}, "src/robotsix_cost_monitor/clients/openrouter.py": {"executed_lines": [9, 11, 13, 15, 18, 21, 22, 23, 25, 33, 41, 42, 43, 44, 50, 57, 58], "summary": {"covered_lines": 17, "num_statements": 23, "percent_covered": 73.91304347826087, "percent_covered_display": "74", "missing_lines": 6, "excluded_lines": 0, "percent_statements_covered": 73.91304347826087, "percent_statements_covered_display": "74", "num_branches": 0, "num_partial_branches": 0, "covered_branches": 0, "missing_branches": 0, "percent_branches_covered": 100.0, "percent_branches_covered_display": "100"}, "missing_lines": [26, 27, 28, 29, 30, 31], "excluded_lines": [], "executed_branches": [], "missing_branches": [], "functions": {"OpenRouterClient.__init__": {"executed_lines": [22, 23], "summary": {"covered_lines": 2, "num_statements": 2, "percent_covered": 100.0, "percent_covered_display": "100", "missing_lines": 0, "excluded_lines": 0, "percent_statements_covered": 100.0, "percent_statements_covered_display": "100", "num_branches": 0, "num_partial_branches": 0, "covered_branches": 0, "missing_branches": 0, "percent_branches_covered": 100.0, "percent_branches_covered_display": "100"}, "missing_lines": [], "excluded_lines": [], "start_line": 21, "executed_branches": [], "missing_branches": []}, "OpenRouterClient._get": {"executed_lines": [], "summary": {"covered_lines": 0, "num_statements": 6, "percent_covered": 0.0, "percent_covered_display": "0", "missing_lines": 6, "excluded_lines": 0, "percent_statements_covered": 0.0, "percent_statements_covered_display": "0", "num_branches": 0, "num_partial_branches": 0, "covered_branches": 0, "missing_branches": 0, "percent_branches_covered": 100.0, "percent_branches_covered_display": "100"}, "missing_lines": [26, 27, 28, 29, 30, 31], "excluded_lines": [], "start_line": 25, "executed_branches": [], "missing_branches": []}, "OpenRouterClient.fetch_credits": {"executed_lines": [41, 42, 43, 44], "summary": {"covered_lines": 4, "num_statements": 4, "percent_covered": 100.0, "percent_covered_display": "100", "missing_lines": 0, "excluded_lines": 0, "percent_statements_covered": 100.0, "percent_statements_covered_display": "100", "num_branches": 0, "num_partial_branches": 0, "covered_branches": 0, "missing_branches": 0, "percent_branches_covered": 100.0, "percent_branches_covered_display": "100"}, "missing_lines": [], "excluded_lines": [], "start_line": 33, "executed_branches": [], "missing_branches": []}, "OpenRouterClient.fetch_key_usage": {"executed_lines": [57, 58], "summary": {"covered_lines": 2, "num_statements": 2, "percent_covered": 100.0, "percent_covered_display": "100", "missing_lines": 0, "excluded_lines": 0, "percent_statements_covered": 100.0, "percent_statements_covered_display": "100", "num_branches": 0, "num_partial_branches": 0, "covered_branches": 0, "missing_branches": 0, "percent_branches_covered": 100.0, "percent_branches_covered_display": "100"}, "missing_lines": [], "excluded_lines": [], "start_line": 50, "executed_branches": [], "missing_branches": []}, "": {"executed_lines": [9, 11, 13, 15, 18, 21, 25, 33, 50], "summary": {"covered_lines": 9, "num_statements": 9, "percent_covered": 100.0, "percent_covered_display": "100", "missing_lines": 0, "excluded_lines": 0, "percent_statements_covered": 100.0, "percent_statements_covered_display": "100", "num_branches": 0, "num_partial_branches": 0, "covered_branches": 0, "missing_branches": 0, "percent_branches_covered": 100.0, "percent_branches_covered_display": "100"}, "missing_lines": [], "excluded_lines": [], "start_line": 1, "executed_branches": [], "missing_branches": []}}, "classes": {"OpenRouterClient": {"executed_lines": [22, 23, 41, 42, 43, 44, 57, 58], "summary": {"covered_lines": 8, "num_statements": 14, "percent_covered": 57.142857142857146, "percent_covered_display": "57", "missing_lines": 6, "excluded_lines": 0, "percent_statements_covered": 57.142857142857146, "percent_statements_covered_display": "57", "num_branches": 0, "num_partial_branches": 0, "covered_branches": 0, "missing_branches": 0, "percent_branches_covered": 100.0, "percent_branches_covered_display": "100"}, "missing_lines": [26, 27, 28, 29, 30, 31], "excluded_lines": [], "start_line": 18, "executed_branches": [], "missing_branches": []}, "": {"executed_lines": [9, 11, 13, 15, 18, 21, 25, 33, 50], "summary": {"covered_lines": 9, "num_statements": 9, "percent_covered": 100.0, "percent_covered_display": "100", "missing_lines": 0, "excluded_lines": 0, "percent_statements_covered": 100.0, "percent_statements_covered_display": "100", "num_branches": 0, "num_partial_branches": 0, "covered_branches": 0, "missing_branches": 0, "percent_branches_covered": 100.0, "percent_branches_covered_display": "100"}, "missing_lines": [], "excluded_lines": [], "start_line": 1, "executed_branches": [], "missing_branches": []}}}, "src/robotsix_cost_monitor/config.py": {"executed_lines": [8, 10, 11, 13, 14, 17, 20, 21, 22, 23, 25, 27, 28, 30, 33, 47, 48, 49, 50, 51, 56, 57, 60, 63, 64, 65, 66, 70, 71, 72, 75, 76, 77, 78, 80, 81, 82, 84, 85, 86, 89, 92, 93, 94, 97, 98, 101, 104, 105, 107, 108, 109, 110, 111, 114, 120, 121, 122, 123, 126, 134, 135, 136, 137, 140, 146, 147, 148, 153, 154], "summary": {"covered_lines": 70, "num_statements": 70, "percent_covered": 100.0, "percent_covered_display": "100", "missing_lines": 0, "excluded_lines": 0, "percent_statements_covered": 100.0, "percent_statements_covered_display": "100", "num_branches": 10, "num_partial_branches": 0, "covered_branches": 10, "missing_branches": 0, "percent_branches_covered": 100.0, "percent_branches_covered_display": "100"}, "missing_lines": [], "excluded_lines": [], "executed_branches": [[108, 109], [108, 111], [109, 108], [109, 110], [121, 122], [121, 123], [135, 136], [135, 137], [147, 148], [147, 153]], "missing_branches": [], "functions": {"ProjectConfig.slug": {"executed_lines": [30], "summary": {"covered_lines": 1, "num_statements": 1, "percent_covered": 100.0, "percent_covered_display": "100", "missing_lines": 0, "excluded_lines": 0, "percent_statements_covered": 100.0, "percent_statements_covered_display": "100", "num_branches": 0, "num_partial_branches": 0, "covered_branches": 0, "missing_branches": 0, "percent_branches_covered": 100.0, "percent_branches_covered_display": "100"}, "missing_lines": [], "excluded_lines": [], "start_line": 28, "executed_branches": [], "missing_branches": []}, "AnalystConfig.enabled": {"executed_lines": [82], "summary": {"covered_lines": 1, "num_statements": 1, "percent_covered": 100.0, "percent_covered_display": "100", "missing_lines": 0, "excluded_lines": 0, "percent_statements_covered": 100.0, "percent_statements_covered_display": "100", "num_branches": 0, "num_partial_branches": 0, "covered_branches": 0, "missing_branches": 0, "percent_branches_covered": 100.0, "percent_branches_covered_display": "100"}, "missing_lines": [], "excluded_lines": [], "start_line": 81, "executed_branches": [], "missing_branches": []}, "AnalystConfig.can_file_tickets": {"executed_lines": [86], "summary": {"covered_lines": 1, "num_statements": 1, "percent_covered": 100.0, "percent_covered_display": "100", "missing_lines": 0, "excluded_lines": 0, "percent_statements_covered": 100.0, "percent_statements_covered_display": "100", "num_branches": 0, "num_partial_branches": 0, "covered_branches": 0, "missing_branches": 0, "percent_branches_covered": 100.0, "percent_branches_covered_display": "100"}, "missing_lines": [], "excluded_lines": [], "start_line": 85, "executed_branches": [], "missing_branches": []}, "Config.project": {"executed_lines": [108, 109, 110, 111], "summary": {"covered_lines": 4, "num_statements": 4, "percent_covered": 100.0, "percent_covered_display": "100", "missing_lines": 0, "excluded_lines": 0, "percent_statements_covered": 100.0, "percent_statements_covered_display": "100", "num_branches": 4, "num_partial_branches": 0, "covered_branches": 4, "missing_branches": 0, "percent_branches_covered": 100.0, "percent_branches_covered_display": "100"}, "missing_lines": [], "excluded_lines": [], "start_line": 107, "executed_branches": [[108, 109], [108, 111], [109, 108], [109, 110]], "missing_branches": []}, "_config_path": {"executed_lines": [120, 121, 122, 123], "summary": {"covered_lines": 4, "num_statements": 4, "percent_covered": 100.0, "percent_covered_display": "100", "missing_lines": 0, "excluded_lines": 0, "percent_statements_covered": 100.0, "percent_statements_covered_display": "100", "num_branches": 2, "num_partial_branches": 0, "covered_branches": 2, "missing_branches": 0, "percent_branches_covered": 100.0, "percent_branches_covered_display": "100"}, "missing_lines": [], "excluded_lines": [], "start_line": 114, "executed_branches": [[121, 122], [121, 123]], "missing_branches": []}, "data_dir": {"executed_lines": [134, 135, 136, 137], "summary": {"covered_lines": 4, "num_statements": 4, "percent_covered": 100.0, "percent_covered_display": "100", "missing_lines": 0, "excluded_lines": 0, "percent_statements_covered": 100.0, "percent_statements_covered_display": "100", "num_branches": 2, "num_partial_branches": 0, "covered_branches": 2, "missing_branches": 0, "percent_branches_covered": 100.0, "percent_branches_covered_display": "100"}, "missing_lines": [], "excluded_lines": [], "start_line": 126, "executed_branches": [[135, 136], [135, 137]], "missing_branches": []}, "load_config": {"executed_lines": [146, 147, 148, 153, 154], "summary": {"covered_lines": 5, "num_statements": 5, "percent_covered": 100.0, "percent_covered_display": "100", "missing_lines": 0, "excluded_lines": 0, "percent_statements_covered": 100.0, "percent_statements_covered_display": "100", "num_branches": 2, "num_partial_branches": 0, "covered_branches": 2, "missing_branches": 0, "percent_branches_covered": 100.0, "percent_branches_covered_display": "100"}, "missing_lines": [], "excluded_lines": [], "start_line": 140, "executed_branches": [[147, 148], [147, 153]], "missing_branches": []}, "": {"executed_lines": [8, 10, 11, 13, 14, 17, 20, 21, 22, 23, 25, 27, 28, 33, 47, 48, 49, 50, 51, 56, 57, 60, 63, 64, 65, 66, 70, 71, 72, 75, 76, 77, 78, 80, 81, 84, 85, 89, 92, 93, 94, 97, 98, 101, 104, 105, 107, 114, 126, 140], "summary": {"covered_lines": 50, "num_statements": 50, "percent_covered": 100.0, "percent_covered_display": "100", "missing_lines": 0, "excluded_lines": 0, "percent_statements_covered": 100.0, "percent_statements_covered_display": "100", "num_branches": 0, "num_partial_branches": 0, "covered_branches": 0, "missing_branches": 0, "percent_branches_covered": 100.0, "percent_branches_covered_display": "100"}, "missing_lines": [], "excluded_lines": [], "start_line": 1, "executed_branches": [], "missing_branches": []}}, "classes": {"ProjectConfig": {"executed_lines": [30], "summary": {"covered_lines": 1, "num_statements": 1, "percent_covered": 100.0, "percent_covered_display": "100", "missing_lines": 0, "excluded_lines": 0, "percent_statements_covered": 100.0, "percent_statements_covered_display": "100", "num_branches": 0, "num_partial_branches": 0, "covered_branches": 0, "missing_branches": 0, "percent_branches_covered": 100.0, "percent_branches_covered_display": "100"}, "missing_lines": [], "excluded_lines": [], "start_line": 17, "executed_branches": [], "missing_branches": []}, "AnalystConfig": {"executed_lines": [82, 86], "summary": {"covered_lines": 2, "num_statements": 2, "percent_covered": 100.0, "percent_covered_display": "100", "missing_lines": 0, "excluded_lines": 0, "percent_statements_covered": 100.0, "percent_statements_covered_display": "100", "num_branches": 0, "num_partial_branches": 0, "covered_branches": 0, "missing_branches": 0, "percent_branches_covered": 100.0, "percent_branches_covered_display": "100"}, "missing_lines": [], "excluded_lines": [], "start_line": 33, "executed_branches": [], "missing_branches": []}, "Settings": {"executed_lines": [], "summary": {"covered_lines": 0, "num_statements": 0, "percent_covered": 100.0, "percent_covered_display": "100", "missing_lines": 0, "excluded_lines": 0, "percent_statements_covered": 100.0, "percent_statements_covered_display": "100", "num_branches": 0, "num_partial_branches": 0, "covered_branches": 0, "missing_branches": 0, "percent_branches_covered": 100.0, "percent_branches_covered_display": "100"}, "missing_lines": [], "excluded_lines": [], "start_line": 89, "executed_branches": [], "missing_branches": []}, "Config": {"executed_lines": [108, 109, 110, 111], "summary": {"covered_lines": 4, "num_statements": 4, "percent_covered": 100.0, "percent_covered_display": "100", "missing_lines": 0, "excluded_lines": 0, "percent_statements_covered": 100.0, "percent_statements_covered_display": "100", "num_branches": 4, "num_partial_branches": 0, "covered_branches": 4, "missing_branches": 0, "percent_branches_covered": 100.0, "percent_branches_covered_display": "100"}, "missing_lines": [], "excluded_lines": [], "start_line": 101, "executed_branches": [[108, 109], [108, 111], [109, 108], [109, 110]], "missing_branches": []}, "": {"execute
[...]
, 178], "summary": {"covered_lines": 5, "num_statements": 8, "percent_covered": 60.0, "percent_covered_display": "60", "missing_lines": 3, "excluded_lines": 0, "percent_statements_covered": 62.5, "percent_statements_covered_display": "62", "num_branches": 2, "num_partial_branches": 1, "covered_branches": 1, "missing_branches": 1, "percent_branches_covered": 50.0, "percent_branches_covered_display": "50"}, "missing_lines": [175, 179, 180], "excluded_lines": [], "start_line": 171, "executed_branches": [[174, 176]], "missing_branches": [[174, 175]]}, "": {"executed_lines": [9, 11, 12, 13, 14, 15, 17, 18, 19, 22, 28, 32, 43, 49, 53, 135, 139, 154, 171], "summary": {"covered_lines": 19, "num_statements": 19, "percent_covered": 100.0, "percent_covered_display": "100", "missing_lines": 0, "excluded_lines": 0, "percent_statements_covered": 100.0, "percent_statements_covered_display": "100", "num_branches": 0, "num_partial_branches": 0, "covered_branches": 0, "missing_branches": 0, "percent_branches_covered": 100.0, "percent_branches_covered_display": "100"}, "missing_lines": [], "excluded_lines": [], "start_line": 1, "executed_branches": [], "missing_branches": []}}, "classes": {"": {"executed_lines": [9, 11, 12, 13, 14, 15, 17, 18, 19, 22, 23, 24, 25, 28, 29, 32, 33, 34, 35, 36, 37, 38, 39, 40, 43, 44, 49, 50, 53, 63, 64, 70, 71, 72, 74, 77, 78, 79, 80, 81, 85, 86, 88, 89, 91, 92, 93, 95, 96, 97, 99, 113, 114, 115, 117, 118, 132, 135, 136, 139, 146, 147, 148, 149, 150, 151, 154, 171, 173, 174, 176, 177, 178], "summary": {"covered_lines": 73, "num_statements": 80, "percent_covered": 91.30434782608695, "percent_covered_display": "91", "missing_lines": 7, "excluded_lines": 0, "percent_statements_covered": 91.25, "percent_statements_covered_display": "91", "num_branches": 12, "num_partial_branches": 1, "covered_branches": 11, "missing_branches": 1, "percent_branches_covered": 91.66666666666667, "percent_branches_covered_display": "92"}, "missing_lines": [160, 161, 167, 168, 175, 179, 180], "excluded_lines": [], "start_line": 1, "executed_branches": [[34, 35], [34, 36], [70, 71], [70, 74], [91, 92], [91, 95], [147, 148], [147, 149], [149, 150], [149, 151], [174, 176]], "missing_branches": [[174, 175]]}}}, "src/robotsix_cost_monitor/service.py": {"executed_lines": [8, 10, 11, 13, 23, 24, 27, 28, 29, 30, 39, 41, 45, 49, 53, 55, 56, 57, 58, 59, 61, 62, 63, 64, 65, 66, 67, 68, 69, 71, 77, 78, 79, 80, 81, 82, 83, 84, 86, 89, 90, 91, 92, 93, 94, 95, 97, 100, 101, 102, 103, 104, 105, 107, 115, 117, 129, 130, 134, 135, 136, 137, 138, 139, 140, 141, 142, 143, 144, 146, 147, 148, 149, 150, 151, 157, 159, 166, 167, 168, 169, 171, 172, 175, 188, 196, 205, 206, 208, 209, 210, 211, 212, 213, 214, 215, 220, 228, 230, 231, 232, 233, 235, 244, 245, 246, 247, 248, 249, 250, 251, 252, 253, 254, 255, 256, 257, 265, 266, 272, 284, 285, 286, 287, 289, 290, 291, 292, 293, 294, 295, 296, 298, 301, 302, 303, 304, 305, 306, 307, 308, 310, 314, 315, 316, 317, 318, 319, 320, 322, 325, 326, 327, 328, 329, 330, 331, 332, 334, 337, 338, 339, 340, 341, 342, 343, 344, 346, 352, 353, 354, 355, 356, 357, 358, 360, 363, 364, 365, 367, 368, 369, 370], "summary": {"covered_lines": 183, "num_statements": 186, "percent_covered": 97.41379310344827, "percent_covered_display": "97", "missing_lines": 3, "excluded_lines": 0, "percent_statements_covered": 98.38709677419355, "percent_statements_covered_display": "98", "num_branches": 46, "num_partial_branches": 3, "covered_branches": 43, "missing_branches": 3, "percent_branches_covered": 93.47826086956522, "percent_branches_covered_display": "93"}, "missing_lines": [106, 170, 207], "excluded_lines": [], "executed_branches": [[56, 57], [56, 59], [64, 65], [64, 66], [79, 80], [79, 81], [90, 91], [90, 95], [102, 103], [102, 115], [103, 102], [103, 104], [105, 107], [135, 136], [135, 137], [138, 139], [138, 146], [141, 138], [141, 142], [148, 149], [148, 157], [169, 171], [206, 208], [209, 210], [209, 213], [231, 232], [231, 233], [246, 247], [246, 265], [284, 285], [284, 289], [290, 291], [290, 295], [303, 304], [303, 305], [315, 316], [315, 320], [327, 328], [327, 329], [339, 340], [339, 341], [353, 354], [353, 358]], "missing_branches": [[105, 106], [169, 170], [206, 207]], "functions": {"CostService.__init__": {"executed_lines": [29, 30, 39, 41, 45, 49, 53], "summary": {"covered_lines": 7, "num_statements": 7, "percent_covered": 100.0, "percent_covered_display": "100", "missing_lines": 0, "excluded_lines": 0, "percent_statements_covered": 100.0, "percent_statements_covered_display": "100", "num_branches": 0, "num_partial_branches": 0, "covered_branches": 0, "missing_branches": 0, "percent_branches_covered": 100.0, "percent_branches_covered_display": "100"}, "missing_lines": [], "excluded_lines": [], "start_line": 28, "executed_branches": [], "missing_branches": []}, "CostService._projects": {"executed_lines": [56, 57, 58, 59], "summary": {"covered_lines": 4, "num_statements": 4, "percent_covered": 100.0, "percent_covered_display": "100", "missing_lines": 0, "excluded_lines": 0, "percent_statements_covered": 100.0, "percent_statements_covered_display": "100", "num_branches": 2, "num_partial_branches": 0, "covered_branches": 2, "missing_branches": 0, "percent_branches_covered": 100.0, "percent_branches_covered_display": "100"}, "missing_lines": [], "excluded_lines": [], "start_line": 55, "executed_branches": [[56, 57], [56, 59]], "missing_branches": []}, "CostService._traces": {"executed_lines": [62, 63, 64, 65, 66, 67, 68, 69], "summary": {"covered_lines": 8, "num_statements": 8, "percent_covered": 100.0, "percent_covered_display": "100", "missing_lines": 0, "excluded_lines": 0, "percent_statements_covered": 100.0, "percent_statements_covered_display": "100", "num_branches": 2, "num_partial_branches": 0, "covered_branches": 2, "missing_branches": 0, "percent_branches_covered": 100.0, "percent_branches_covered_display": "100"}, "missing_lines": [], "excluded_lines": [], "start_line": 61, "executed_branches": [[64, 65], [64, 66]], "missing_branches": []}, "CostService._trace_count": {"executed_lines": [77, 78, 79, 80, 81, 82, 83, 84], "summary": {"covered_lines": 8, "num_statements": 8, "percent_covered": 100.0, "percent_covered_display": "100", "missing_lines": 0, "excluded_lines": 0, "percent_statements_covered": 100.0, "percent_statements_covered_display": "100", "num_branches": 2, "num_partial_branches": 0, "covered_branches": 2, "missing_branches": 0, "percent_branches_covered": 100.0, "percent_branches_covered_display": "100"}, "missing_lines": [], "excluded_lines": [], "start_line": 71, "executed_branches": [[79, 80], [79, 81]], "missing_branches": []}, "CostService._gather": {"executed_lines": [89, 90, 91, 92, 93, 94, 95], "summary": {"covered_lines": 7, "num_statements": 7, "percent_covered": 100.0, "percent_covered_display": "100", "missing_lines": 0, "excluded_lines": 0, "percent_statements_covered": 100.0, "percent_statements_covered_display": "100", "num_branches": 2, "num_partial_branches": 0, "covered_branches": 2, "missing_branches": 0, "percent_branches_covered": 100.0, "percent_branches_covered_display": "100"}, "missing_lines": [], "excluded_lines": [], "start_line": 86, "executed_branches": [[90, 91], [90, 95]], "missing_branches": []}, "CostService._build_trace_rows": {"executed_lines": [100, 101, 102, 103, 104, 105, 107, 115], "summary": {"covered_lines": 8, "num_statements": 9, "percent_covered": 86.66666666666667, "percent_covered_display": "87", "missing_lines": 1, "excluded_lines": 0, "percent_statements_covered": 88.88888888888889, "percent_statements_covered_display": "89", "num_branches": 6, "num_partial_branches": 1, "covered_branches": 5, "missing_branches": 1, "percent_branches_covered": 83.33333333333333, "percent_branches_covered_display": "83"}, "missing_lines": [106], "excluded_lines": [], "start_line": 97, "executed_branches": [[102, 103], [102, 115], [103, 102], [103, 104], [105, 107]], "missing_branches": [[105, 106]]}, "CostService.candidate_traces": {"executed_lines": [129, 130, 134, 135, 136, 137, 138, 139, 140, 141, 142, 143, 144, 146, 147, 148, 149, 150, 151, 157], "summary": {"covered_lines": 20, "num_statements": 20, "percent_covered": 100.0, "percent_covered_display": "100", "missing_lines": 0, "excluded_lines": 0, "percent_statements_covered": 100.0, "percent_statements_covered_display": "100", "num_branches": 8, "num_partial_branches": 0, "covered_branches": 8, "missing_branches": 0, "percent_branches_covered": 100.0, "percent_branches_covered_display": "100"}, "missing_lines": [], "excluded_lines": [], "start_line": 117, "executed_branches": [[135, 136], [135, 137], [138, 139], [138, 146], [141, 138], [141, 142], [148, 149], [148, 157]], "missing_branches": []}, "CostService.top_ticket": {"executed_lines": [166, 167, 168, 169, 171, 172, 175, 188], "summary": {"covered_lines": 8, "num_statements": 9, "percent_covered": 81.81818181818181, "percent_covered_display": "82", "missing_lines": 1, "excluded_lines": 0, "percent_statements_covered": 88.88888888888889, "percent_statements_covered_display": "89", "num_branches": 2, "num_partial_branches": 1, "covered_branches": 1, "missing_branches": 1, "percent_branches_covered": 50.0, "percent_branches_covered_display": "50"}, "missing_lines": [170], "excluded_lines": [], "start_line": 159, "executed_branches": [[169, 171]], "missing_branches": [[169, 170]]}, "CostService.top_stage": {"executed_lines": [205, 206, 208, 209, 210, 211, 212, 213, 214, 215, 220], "summary": {"covered_lines": 11, "num_statements": 12, "percent_covered": 87.5, "percent_covered_display": "88", "missing_lines": 1, "excluded_lines": 0, "percent_statements_covered": 91.66666666666667, "percent_statements_covered_display": "92", "num_branches": 4, "num_partial_branches": 1, "covered_branches": 3, "missing_branches": 1, "percent_branches_covered": 75.0, "percent_branches_covered_display": "75"}, "missing_lines": [207], "excluded_lines": [], "start_line": 196, "executed_branches": [[206, 208], [209, 210], [209, 213]], "missing_branches": [[206, 207]]}, "CostService.trace_detail": {"executed_lines": [230, 231, 232, 233], "summary": {"covered_lines": 4, "num_statements": 4, "percent_covered": 100.0, "percent_covered_display": "100", "missing_lines": 0, "excluded_lines": 0, "percent_statements_covered": 100.0, "percent_statements_covered_display": "100", "num_branches": 2, "num_partial_branches": 0, "covered_branches": 2, "missing_branches": 0, "percent_branches_covered": 100.0, "percent_branches_covered_display": "100"}, "missing_lines": [], "excluded_lines": [], "start_line": 228, "executed_branches": [[231, 232], [231, 233]], "missing_branches": []}, "CostService.summary": {"executed_lines": [244, 245, 246, 247, 248, 249, 250, 251, 252, 253, 254, 255, 256, 257, 265, 266], "summary": {"covered_lines": 16, "num_statements": 16, "percent_covered": 100.0, "percent_covered_display": "100", "missing_lines": 0, "excluded_lines": 0, "percent_statements_covered": 100.0, "percent_statements_covered_display": "100", "num_branches": 2, "num_partial_branches": 0, "covered_branches": 2, "missing_branches": 0, "percent_branches_covered": 100.0, "percent_branches_covered_display": "100"}, "missing_lines": [], "excluded_lines": [], "start_line": 235, "executed_branches": [[246, 247], [246, 265]], "missing_branches": []}, "CostService.by_agent": {"executed_lines": [284, 285, 286, 287, 289, 290, 291, 292, 293, 294, 295, 296], "summary": {"covered_lines": 12, "num_statements": 12, "percent_covered": 100.0, "percent_covered_display": "100", "missing_lines": 0, "excluded_lines": 0, "percent_statements_covered": 100.0, "percent_statements_covered_display": "100", "num_branches": 4, "num_partial_branches": 0, "covered_branches": 4, "missing_branches": 0, "percent_branches_covered": 100.0, "percent_branches_covered_display": "100"}, "missing_lines": [], "excluded_lines": [], "start_line": 272, "executed_branches": [[284, 285], [284, 289], [290, 291], [290, 295]], "missing_branches": []}, "CostService._model_usage": {"executed_lines": [301, 302, 303, 304, 305, 306, 307, 308], "summary": {"covered_lines": 8, "num_statements": 8, "percent_covered": 100.0, "percent_covered_display": "100", "missing_lines": 0, "excluded_lines": 0, "percent_statements_covered": 100.0, "percent_statements_covered_display": "100", "num_branches": 2, "num_partial_branches": 0, "covered_branches": 2, "missing_branches": 0, "percent_branches_covered": 100.0, "percent_branches_covered_display": "100"}, "missing_lines": [], "excluded_lines": [], "start_line": 298, "executed_branches": [[303, 304], [303, 305]], "missing_branches": []}, "CostService.by_model": {"executed_lines": [314, 315, 316, 317, 318, 319, 320], "summary": {"covered_lines": 7, "num_statements": 7, "percent_covered": 100.0, "percent_covered_display": "100", "missing_lines": 0, "excluded_lines": 0, "percent_statements_covered": 100.0, "percent_statements_covered_display": "100", "num_branches": 2, "num_partial_branches": 0, "covered_branches": 2, "missing_branches": 0, "percent_branches_covered": 100.0, "percent_branches_covered_display": "100"}, "missing_lines": [], "excluded_lines": [], "start_line": 310, "executed_branches": [[315, 316], [315, 320]], "missing_branches": []}, "CostService._backend_cost": {"executed_lines": [325, 326, 327, 328, 329, 330, 331, 332], "summary": {"covered_lines": 8, "num_statements": 8, "percent_covered": 100.0, "percent_covered_display": "100", "missing_lines": 0, "excluded_lines": 0, "percent_statements_covered": 100.0, "percent_statements_covered_display": "100", "num_branches": 2, "num_partial_branches": 0, "covered_branches": 2, "missing_branches": 0, "percent_branches_covered": 100.0, "percent_branches_covered_display": "100"}, "missing_lines": [], "excluded_lines": [], "start_line": 322, "executed_branches": [[327, 328], [327, 329]], "missing_branches": []}, "CostService._agent_usage": {"executed_lines": [337, 338, 339, 340, 341, 342, 343, 344], "summary": {"covered_lines": 8, "num_statements": 8, "percent_covered": 100.0, "percent_covered_display": "100", "missing_lines": 0, "excluded_lines": 0, "percent_statements_covered": 100.0, "percent_statements_covered_display": "100", "num_branches": 2, "num_partial_branches": 0, "covered_branches": 2, "missing_branches": 0, "percent_branches_covered": 100.0, "percent_branches_covered_display": "100"}, "missing_lines": [], "excluded_lines": [], "start_line": 334, "executed_branches": [[339, 340], [339, 341]], "missing_branches": []}, "CostService.backend_trend": {"executed_lines": [352, 353, 354, 355, 356, 357, 358], "summary": {"covered_lines": 7, "num_statements": 7, "percent_covered": 100.0, "percent_covered_display": "100", "missing_lines": 0, "excluded_lines": 0, "percent_statements_covered": 100.0, "percent_statements_covered_display": "100", "num_branches": 2, "num_partial_branches": 0, "covered_branches": 2, "missing_branches": 0, "percent_branches_covered": 100.0, "percent_branches_covered_display": "100"}, "missing_lines": [], "excluded_lines": [], "start_line": 346, "executed_branches": [[353, 354], [353, 358]], "missing_branches": []}, "CostService.trend": {"executed_lines": [363, 364, 365], "summary": {"covered_lines": 3, "num_statements": 3, "percent_covered": 100.0, "percent_covered_display": "100", "missing_lines": 0, "excluded_lines": 0, "percent_statements_covered": 100.0, "percent_statements_covered_display": "100", "num_branches": 0, "num_partial_branches": 0, "covered_branches": 0, "missing_branches": 0, "percent_branches_covered": 100.0, "percent_branches_covered_display": "100"}, "missing_lines": [], "excluded_lines": [], "start_line": 360, "executed_branches": [], "missing_branches": []}, "CostService.highlights": {"executed_lines": [368, 369, 370], "summary": {"covered_lines": 3, "num_statements": 3, "percent_covered": 100.0, "percent_covered_display": "100", "missing_lines": 0, "excluded_lines": 0, "percent_statements_covered": 100.0, "percent_statements_covered_display": "100", "num_branches": 0, "num_partial_branches": 0, "covered_branches": 0, "missing_branches": 0, "percent_branches_covered": 100.0, "percent_branches_covered_display": "100"}, "missing_lines": [], "excluded_lines": [], "start_line": 367, "executed_branches": [], "missing_branches": []}, "": {"executed_lines": [8, 10, 11, 13, 23, 24, 27, 28, 55, 61, 71, 86, 97, 117, 159, 196, 228, 235, 272, 298, 310, 322, 334, 346, 360, 367], "summary": {"covered_lines": 26, "num_statements": 26, "percent_covered": 100.0, "percent_covered_display": "100", "missing_lines": 0, "excluded_lines": 0, "percent_statements_covered": 100.0, "percent_statements_covered_display": "100", "num_branches": 0, "num_partial_branches": 0, "covered_branches": 0, "missing_branches": 0, "percent_branches_covered": 100.0, "percent_branches_covered_display": "100"}, "missing_lines": [], "excluded_lines": [], "start_line": 1, "executed_branches": [], "missing_branches": []}}, "classes": {"CostService": {"executed_lines": [29, 30, 39, 41, 45, 49, 53, 56, 57, 58, 59, 62, 63, 64, 65, 66, 67, 68, 69, 77, 78, 79, 80, 81, 82, 83, 84, 89, 90, 91, 92, 93, 94, 95, 100, 101, 102, 103, 104, 105, 107, 115, 129, 130, 134, 135, 136, 137, 138, 139, 140, 141, 142, 143, 144, 146, 147, 148, 149, 150, 151, 157, 166, 167, 168, 169, 171, 172, 175, 188, 205, 206, 208, 209, 210, 211, 212, 213, 214, 215, 220, 230, 231, 232, 233, 244, 245, 246, 247, 248, 249, 250, 251, 252, 253, 254, 255, 256, 257, 265, 266, 284, 285, 286, 287, 289, 290, 291, 292, 293, 294, 295, 296, 301, 302, 303, 304, 305, 306, 307, 308, 314, 315, 316, 317, 318, 319, 320, 325, 326, 327, 328, 329, 330, 331, 332, 337, 338, 339, 340, 341, 342, 343, 344, 352, 353, 354, 355, 356, 357, 358, 363, 364, 365, 368, 369, 370], "summary": {"covered_lines": 157, "num_statements": 160, "percent_covered": 97.0873786407767, "percent_covered_display": "97", "missing_lines": 3, "excluded_lines": 0, "percent_statements_covered": 98.125, "percent_statements_covered_display": "98", "num_branches": 46, "num_partial_branches": 3, "covered_branches": 43, "missing_branches": 3, "percent_branches_covered": 93.47826086956522, "percent_branches_covered_display": "93"}, "missing_lines": [106, 170, 207], "excluded_lines": [], "start_line": 27, "executed_branches": [[56, 57], [56, 59], [64, 65], [64, 66], [79, 80], [79, 81], [90, 91], [90, 95], [102, 103], [102, 115], [103, 102], [103, 104], [105, 107], [135, 136], [135, 137], [138, 139], [138, 146], [141, 138], [141, 142], [148, 149], [148, 157], [169, 171], [206, 208], [209, 210], [209, 213], [231, 232], [231, 233], [246, 247], [246, 265], [284, 285], [284, 289], [290, 291], [290, 295], [303, 304], [303, 305], [315, 316], [315, 320], [327, 328], [327, 329], [339, 340], [339, 341], [353, 354], [353, 358]], "missing_branches": [[105, 106], [169, 170], [206, 207]]}, "": {"executed_lines": [8, 10, 11, 13, 23, 24, 27, 28, 55, 61, 71, 86, 97, 117, 159, 196, 228, 235, 272, 298, 310, 322, 334, 346, 360, 367], "summary": {"covered_lines": 26, "num_statements": 26, "percent_covered": 100.0, "percent_covered_display": "100", "missing_lines": 0, "excluded_lines": 0, "percent_statements_covered": 100.0, "percent_statements_covered_display": "100", "num_branches": 0, "num_partial_branches": 0, "covered_branches": 0, "missing_branches": 0, "percent_branches_covered": 100.0, "percent_branches_covered_display": "100"}, "missing_lines": [], "excluded_lines": [], "start_line": 1, "executed_branches": [], "missing_branches": []}}}}, "totals": {"covered_lines": 818, "num_statements": 950, "percent_covered": 85.75174825174825, "percent_covered_display": "86", "missing_lines": 132, "excluded_lines": 2, "percent_statements_covered": 86.10526315789474, "percent_statements_covered_display": "86", "num_branches": 194, "num_partial_branches": 15, "covered_branches": 163, "missing_branches": 31, "percent_branches_covered": 84.02061855670104, "percent_branches_covered_display": "84"}}